3 167 230 181
3 296 214 196
4 168 174 255 151
3 180 241 78
3 216 102 242
3 34 282 266
3 108 29 238
3 54 204 51
3 85 146 289
3 275 128 265
3 87 244 106
3 41 28 223
3 116 217 12
3 184 172 31
3 164 40 292
3 249 121 141
3 99 284 250
3 212 202 155
3 110 239 115
3 88 222 264
3 75 68 43
3 103 14 59
3 80 82 104
3 72 185 145
3 4 64 152
3 8 122 55
3 7 271 154
3 294 295 176
3 148 158 280
3 134 50 192
3 162 268 71
3 259 3 66
3 159 243 120
3 286 157 182
3 246 111 252
3 299 254 67
3 203 209 100
3 24 26 142
3 133 236 215
3 210 207 297
3 62 11 126
3 161 86 228
3 127 89 231
3 13 253 288
3 260 191 17
3 276 170 47
3 136 258 251
3 220 27 30
3 92 61 262
3 95 160 233
3 58 163 206
3 137 177 97
3 290 109 186
3 227 117 256
3 193 298 279
3 15 73 240
3 218 197 143
3 273 22 229
3 150 23 37
3 285 90 208
3 225 195 272
3 107 147 270
3 74 48 123
3 144 114 69
3 56 237 194
3 105 269 46
3 18 6 135
3 171 190 293
3 187 140 94
3 263 76 189
3 38 42 178
3 63 70 9
3 125 10 52
3 156 83 165
3 261 101 173
3 60 25 278
3 200 93 49
3 57 235 153
3 19 201 169
3 198 131 1
3 213 5 175
3 267 283 84
3 44 119 247
3 129 118 77
3 79 287 274
3 245 138 183
3 226 81 0
3 21 98 179
4 113 139 36 221
3 224 45 2
3 91 248 130
3 232 205 211
3 166 16 132
3 96 35 234
3 188 291 33
2 39 112
3 53 124 65
2 277 219
3 281 199 149
3 32 20 257
