11 2735 8227 1582 7981 810 1095 1419 5333 3284 3664 688
17 6689 1227 8713 6879 3635 9247 2489 4708 1103 9253 8066 5354 7606 2750 5368 6665 203
29 3090 6654 661 6711 977 6886 9564 5405 2809 5219 536 2804 7627 776 4038 6332 186 4809 815 3242 9415 8084 1661 4284 8304 3742 7235 8414 1971
14 1209 477 4233 4299 4250 9116 3818 952 9028 7207 1417 6190 4865 2932
23 6466 7455 2523 4920 3915 8155 8259 9742 3623 3829 2907 1695 5103 9932 5987 1099 6477 763 8717 3644 5046 2724 1357
29 5018 3245 4635 9382 7277 5267 6313 4331 3531 9248 6156 1051 6301 8616 2268 686 6620 3342 4082 3864 2987 5871 3886 9154 9909 2090 3264 3969 1932
26 9313 3294 9666 1200 7567 4602 313 6893 8101 9232 1197 4802 4002 5692 2861 2191 3198 7923 1056 630 3158 9895 3014 9146 7986 3065
30 2519 6794 5049 318 9872 9761 6407 7693 9388 7503 2867 118 4378 678 3948 3278 4335 3004 7258 4425 787 124 6936 8986 9210 8130 8641 1805 227 2684
29 549 7320 1995 9575 3047 100 4913 6593 6248 2246 3163 2144 7099 7921 1925 5820 6071 9715 7838 1608 4726 7054 9786 5599 5395 5545 2926 2117 2474
16 4525 1194 5377 3807 9410 2857 7971 9272 1061 9600 6817 5436 3928 1510 891 2991
17 5934 658 5517 3632 3026 4659 292 9165 2377 3657 2547 7075 389 1093 805 6185 2265
24 4679 3119 3970 9195 1098 81 3496 9270 2796 2189 8475 5984 6086 1165 1821 6520 927 6354 4723 653 12 2794 38 1482
25 88 5971 8447 4207 1601 8187 6244 4872 8945 9859 4775 6681 2561 7788 7651 6860 4936 9501 7694 6355 3343 6093 7980 1722 1317
28 7109 8254 8609 7282 6476 4347 2011 9694 3285 9143 1624 1753 1291 9554 4950 6687 87 2392 9893 4934 6950 4310 7702 7238 3781 9711 4268 1388
28 2465 3546 4200 4349 2967 3433 9897 6333 938 490 2694 4280 9848 917 53 3419 4131 2336 5750 9173 4551 7039 8859 8265 757 8897 9517 180
21 7957 9406 4575 8338 3375 1627 2741 9842 7425 1062 1779 7843 5302 2373 7147 7264 82 6492 1082 1646 2013
6 519 7293 2915 9927 4476 564
20 4309 1838 5466 8410 2235 2077 823 1263 6744 2749 801 8041 7835 548 6281 8648 1665 5404 3631 1413
19 5970 8783 499 9754 3213 6318 6947 5747 6568 4565 9032 7997 1356 4054 7976 9545 4553 2658 2412
34 4839 7140 8277 5757 7554 9511 7211 660 4709 2290 7931 1598 3127 4499 3854 3907 5958 3 547 8359 5136 1405 6400 7302 6759 3481 5153 2098 2697 5361 6533 566 1410 3037
33 5324 1414 6168 5090 1792 2600 986 595 643 9073 1008 6140 3210 6982 1275 4549 8993 2398 887 9510 7388 8286 1648 7767 605 221 7202 3126 2185 8008 8001 5723 1839
19 719 5352 4034 105 6161 1393 3561 5527 592 8599 558 269 4860 9787 9189 9454 1825 3589 744
28 606 1447 2742 6409 4291 2927 6809 9364 8782 9817 7691 83 2765 2850 6612 7101 9250 9050 2728 651 4367 7803 8964 9676 4779 5547 6221 2303
32 1776 8020 1564 8637 4376 8128 376 3784 826 9812 2680 5959 1911 5473 8007 9706 7462 8539 184 7385 6755 5416 2953 868 3658 8276 6291 5515 9956 5773 1377 346
27 423 1883 8979 1218 6058 3542 992 9276 6484 4449 9789 4263 3877 594 7250 9969 2282 5164 2965 5609 7752 5410 7283 1751 8654 3402 898
24 6031 7097 559 7068 1004 4104 8534 5694 4569 7062 5401 4678 7514 5703 9772 5096 265 6057 4841 9971 8404 2819 3120 1629
31 6663 2603 3424 5017 8747 1884 4485 7043 6359 1297 9482 4559 129 6798 3628 4336 1656 3815 9093 888 8315 7144 7290 1490 3441 1336 8461 5592 4133 114 2228
27 187 1228 608 498 4396 3054 5766 8094 8996 8815 2205 3963 2478 1286 4333 3917 8905 3407 9391 312 664 729 9555 5476 7649 63 1362
28 1066 2324 3176 839 2639 9135 8555 9570 3746 377 4824 255 6622 7130 1187 1632 9122 4765 6577 5643 764 7571 6065 301 7814 6433 6465 1009
30 5335 2296 5710 8448 3616 6119 6133 8860 8164 485 4800 8798 586 2025 8933 3501 889 7944 6282 1432 3521 2001 2070 8411 7350 9307 1290 7731 154 1499
19 8175 8965 9392 9080 6810 3650 9839 4671 6049 6690 1070 2258 9488 6273 9499 7489 2609 1006 1562
8 1560 3826 2642 5182 476 8397 2544 1280
28 4758 3540 4196 3544 4613 6398 1079 9242 1494 9505 1259 4776 1960 384 262 6937 8117 2891 1675 9502 4422 6535 5884 371 3797 913 4320 1108
32 3817 3333 4084 8464 2651 2900 7135 1422 5123 9192 7296 3339 1468 8593 2614 1493 8920 3484 6675 2712 6704 9211 7027 4670 7544 440 5623 4697 1909 8337 4243 2811
22 3580 3148 7355 1539 3101 4608 3503 4870 1243 3996 2101 3884 9149 1158 1600 9373 5735 9898 3792 325 3386 1160
25 6252 984 1864 286 6727 2141 8193 5804 8917 8284 8335 6827 5002 5149 2195 2066 925 7486 9040 4952 13 7042 1055 3618 2419
30 1273 7612 874 69 3885 3051 8353 2640 7729 8820 6104 9043 1501 6187 9331 3689 7003 8248 1577 6040 3423 6183 6631 1764 7748 4057 4451 3286 260 2778
34 7499 6662 2975 6420 9002 475 8882 3775 3609 2164 1193 6437 4832 4046 5587 6858 5026 8833 8524 2348 6114 5739 1375 6732 9597 1782 2446 5814 5613 3633 2806 8770 3825 1707
27 1867 6745 208 2578 5951 7837 1872 6582 1871 4582 232 863 5292 6940 4925 6184 3897 3118 5111 1793 3563 5926 6300 7436 1019 237 1769
10 7965 3655 7927 9349 174 6099 3872 9013 5020 2951
28 6822 1512 9813 4246 9625 2952 4171 6380 3839 7907 4278 7474 3874 6699 8492 8218 4468 4191 4148 8776 4146 4766 7989 2145 2133 392 4158 1237
32 2432 4877 6164 9586 7883 5601 4880 3205 3624 7817 15 7796 9592 958 3489 9877 7886 5420 4176 7908 2027 6388 4313 2705 4721 8483 2878 349 9608 794 5857 96
24 7070 2424 7428 3462 6550 9341 708 8245 2439 4942 4430 3154 556 3595 2091 3235 6796 834 246 9301 7742 5144 9131 813
28 1178 1977 5170 5100 7197 8486 1979 4821 9810 613 8954 3707 1434 9616 3706 2685 3598 145 5429 9145 1136 662 4927 1202 2321 5055 2586 1266
34 3055 7398 4833 7574 497 9497 3759 649 4031 3946 138 1787 5009 8136 6157 2844 8627 5349 2294 7832 7914 8052 2876 850 8144 5555 755 9814 8091 6534 4267 1003 469 2071
35 4742 6529 9401 8382 6413 6739 2937 8523 2675 934 3621 6218 8901 6059 9103 1383 7939 9218 7288 8680 7345 2183 7137 7050 2823 2307 8183 8558 3971 6569 1966 9577 4348 4891 2758
16 8890 8345 50 5966 8738 1068 7371 7511 5618 3492 8666 8607 1573 9970 1101 1998
21 6002 3708 7926 5532 4092 3796 3599 7260 1730 1205 5315 2968 3243 3486 1658 1683 2940 4049 2130 7173 3052
18 8773 7940 692 4543 1709 6855 3659 5288 9605 8255 2317 7439 9885 8341 5604 327 3313 1672
9 8292 5991 1 2249 5432 1173 6499 6152 1613
11 672 7810 8967 362 2170 8499 690 6073 3255 2225 2662
28 7475 9820 7585 4153 830 5650 8876 2240 524 9322 4924 274 806 4464 9835 9748 8317 6999 4961 1164 7261 6224 1225 667 2905 3679 8350 1513
22 8477 2297 6910 8540 126 7189 1989 4212 7652 7480 4849 1704 7095 8623 8639 4780 1133 3460 3184 3718 5296 841
35 5235 8149 6155 3105 2992 1634 7386 4966 9964 230 4907 4266 8428 1603 3999 7538 4237 1999 1125 4512 8381 2494 8362 2757 7858 5570 2911 3306 2334 6032 2457 9716 8087 338 3015
17 6277 6139 1530 3017 7444 9708 6396 8658 1858 6828 1829 5198 7214 6227 7017 9476 2381
20 2720 4873 3572 4863 3615 1381 2088 8972 4168 1950 6890 7776 5869 6702 4399 1213 302 9184 4156 773
31 9409 9166 1251 7446 4115 7232 5422 1355 9645 2556 5879 2057 3722 4669 5981 4626 8810 1533 8003 1017 2655 1780 167 8423 7269 3533 1141 9850 4490 4725 766
28 2920 7711 965 3717 1272 3502 2732 3098 1110 9516 7629 3845 9264 8212 518 6578 8048 7377 9989 8221 6761 7780 5749 3040 3273 8908 9770 1112
33 4094 3049 6068 9631 1777 832 4862 5400 847 2612 3075 3231 4272 7195 7262 3010 4692 2222 8015 3171 5938 4783 9857 3766 7720 8238 9590 4315 7772 5942 2271 621 2430
25 3629 2166 7379 8973 4441 3305 4211 7145 5041 1461 8693 6682 693 7620 5908 3943 3301 4253 9862 4174 5142 750 8552 9677 2231
29 9679 7864 8978 4830 9751 9684 9234 8263 8075 4117 1429 6930 395 3977 714 3505 9534 8661 5098 94 5936 7963 2405 4967 6624 5977 6585 8847 668
30 677 9733 1100 212 1491 9477 7479 5279 9440 4828 52 1179 320 7164 5117 9674 7619 6666 7703 9275 3670 1401 4946 1673 9540 8195 7979 910 5376 2199
29 3607 3409 2626 9144 9757 8796 1106 617 9475 2044 7315 3981 5619 6562 3534 6833 5529 9029 3061 5754 2454 2266 2689 5812 5973 9417 2618 7093 2413
31 1097 1407 9412 7255 656 6601 5050 2160 6784 3793 5702 6268 8843 7006 8027 6447 2546 4971 1611 2617 2895 1032 9285 6564 5634 1621 6991 2502 8089 7472 2244
24 5497 7186 1778 3292 7106 5880 4517 1853 347 4719 7545 2149 80 619 3960 8267 6606 9773 1809 7151 2389 7035 6997 923
20 9752 1384 4194 7580 6474 2409 6580 7746 5847 6416 4114 2281 9022 2153 1075 7286 545 1042 6090 5
22 6670 7156 2957 1260 2825 2171 8038 3031 1876 2175 8755 600 1763 1933 8619 9861 937 9714 8327 8884 4750 838
27 1757 8484 9495 6922 9450 4914 4555 2404 7456 4969 5684 2910 6680 624 7259 8141 727 5943 7244 2010 324 1333 2165 438 6650 3569 3095
21 5440 3918 8892 2440 9345 6652 8671 8228 4798 7066 1912 7122 644 5345 9759 2148 2073 7681 5232 3346 2379
11 9514 5218 2230 1518 507 5830 553 6243 1067 6441 196
18 2571 8630 4170 3381 3536 2063 3516 4380 4702 9745 8790 6294 5798 8980 56 6271 4955 1770
11 563 3338 8220 5824 8159 387 8788 4052 9865 1929 2703
8 6381 9347 1363 3614 2486 4339 9569 1737
30 9003 8932 2335 7086 7323 9164 1835 871 7275 5994 6179 3182 1681 8004 5537 1310 3674 4850 1535 7590 5013 8781 6899 6124 2592 7126 749 5874 1304 1057
19 3549 6404 7768 1843 7698 3701 9375 7595 9019 5190 1156 4928 2349 5922 401 3224 8722 4662 2111
33 4601 8029 5890 5699 3840 6985 9033 3345 1521 7715 5076 9980 2921 843 6885 7645 8814 1217 8109 4912 3979 8779 752 179 9399 6945 6616 2629 2786 1514 9317 231 310
34 7657 4387 9282 3816 6503 4139 8742 9159 8560 821 3133 8296 2898 1292 1774 2479 4777 8911 9462 6033 676 1618 6555 3355 6314 6976 3283 2361 1662 8053 3741 8594 1359 1018
24 2015 211 5426 6178 1748 8150 3174 67 9185 5767 1941 5611 1822 7721 2380 3223 1397 1542 5024 1517 1060 8137 3812 1037
29 5860 2589 4164 4807 2982 6024 8412 5260 8229 5635 7791 4357 4009 3266 3201 8010 7815 6431 6949 3920 5521 504 8943 6664 623 5819 8 1828 2569
16 8758 3430 32 6584 8273 1745 9962 7301 9496 4714 1531 2901 6443 7909 3749 1015
30 8708 696 3601 4720 6498 1693 9134 3482 8800 6746 7680 1123 4073 279 2956 2299 6006 4289 8669 291 4051 1659 3604 5846 7184 2623 7896 8949 7404 1991
29 9847 8290 8784 7312 1460 8173 2368 1943 5567 3710 3425 9328 5039 7266 8952 5140 6560 9828 3344 1895 5575 5277 3448 1185 1347 3687 994 824 2462
19 2883 8557 368 1325 5052 7582 5882 5035 4529 4603 7199 5863 8714 9271 289 3265 2773 7460 1451
17 9913 5954 4704 46 990 23 3071 1174 5972 4081 8611 8279 5011 5449 795 2163 2466
29 6916 6189 2293 428 5719 1667 8504 5088 8300 7697 7361 544 3859 3269 6378 4343 2762 2644 7653 2351 9448 4175 968 7218 9601 6514 7601 1719 3009
25 5445 5615 5369 655 5240 5917 942 2745 9156 2220 4939 816 9734 3150 7352 5589 8875 5412 8913 9883 7416 2113 8374 2509 2087
18 9976 7028 5006 4686 5158 1215 5622 1644 711 2648 4689 7806 7453 5883 1295 5685 1705 1571
27 4078 2942 8574 7876 3666 3112 8298 5382 7334 249 6908 6655 4067 9175 8526 9350 6506 6142 242 860 1788 2976 9178 2839 6288 679 2528
28 8310 3527 5189 3073 8856 6538 2776 1537 1942 121 6379 3271 6064 1638 5810 9092 4351 4960 6264 9063 6964 4504 8604 5223 7577 9765 6795 1050
18 9888 9046 2711 1527 4088 7464 3330 5019 8318 8405 36 9057 8090 9793 86 5652 9354 641
24 4008 19 8774 533 3398 8403 91 1583 5014 584 852 5364 4710 9697 3387 3081 3810 345 3464 139 1426 8622 398 358
32 6263 1637 7224 3200 6742 5539 8112 4986 772 6283 3247 3731 9644 3323 7734 8960 8390 6055 9456 8885 8269 110 652 1404 7845 7395 9203 4741 7565 5265 1020 1917
29 1305 567 8548 9926 4973 8421 5169 4433 355 2319 3186 3356 3300 2552 6077 6175 356 2719 4389 5772 6781 45 5459 2671 8765 2277 6257 8147 2078
12 6815 4984 530 2783 4520 5597 6079 8496 2350 5742 8019 2053
28 2316 7108 6630 285 4651 9758 8400 2841 9490 6204 6469 6948 3136 528 8944 2496 1153 4222 5399 4896 5242 6368 1195 3500 1254 7783 314 2727
27 3307 789 9030 9634 7494 5241 1846 7445 509 4224 1875 9722 7918 2084 7192 4874 7354 3178 3023 6508 6889 4735 1454 6853 406 4592 1742
14 303 3358 4773 9856 450 1739 7954 5051 7964 7888 7228 3535 616 988
28 4071 7198 697 1655 9464 1281 6762 8266 365 538 6452 6730 1854 3959 6754 7155 9201 8532 1157 191 4983 7343 8282 5591 2238 9736 8054 2009
17 1335 1784 873 6319 1322 4454 6180 6995 9588 4183 4041 410 6035 2516 5697 1045 2274
15 2917 7287 3865 3833 5593 2343 4072 4128 1130 9237 8361 3395 9740 3791 1750
35 8731 3579 9267 8816 8791 354 8151 9833 8780 5101 4921 6235 8545 4217 9428 1824 5512 7461 4505 5594 3214 681 1567 1076 4684 5823 4864 7509 5726 570 3671 9792 3347 6479 1857
24 8878 8274 7434 7209 9972 4636 8244 8481 9939 72 5911 4712 8294 4771 6050 5832 2851 4998 5202 4199 6434 1261 5571 2116
34 2061 7889 1142 5957 8989 3663 2482 6871 1152 709 1937 8500 7422 6566 9994 8140 5708 8550 2213 4259 8314 4407 7265 7233 6852 3034 123 1760 1585 7977 6676 5334 812 3096
27 5086 1170 1697 7000 3414 8188 5576 6081 2453 2477 2272 1428 5004 3447 946 814 3684 4612 4461 2858 2378 3727 3934 4759 3712 6603 259
32 1138 8302 7546 5347 6729 646 9035 7010 1968 4249 2534 2452 1308 800 4440 6308 4188 8621 4053 8050 2226 2860 798 3179 8166 1043 6317 5150 4479 5939 1418 588
9 4058 699 1869 306 6349 7138 7390 3478 1433
27 9619 1113 4630 1233 7380 225 1553 9928 8058 9074 1679 9474 8067 9225 5080 1538 4385 8592 1445 573 5822 1080 9660 6348 3838 7766 183
22 4618 6502 2143 502 8614 2464 7636 5701 8990 949 8316 280 9300 3443 8383 2829 8916 6772 1720 1035 6960 2
15 7013 9231 7599 1622 2894 7910 5518 5197 9340 7517 5407 7300 5494 1652 569
15 7929 726 364 7153 5677 6315 4215 2459 2647 6302 9290 4077 2677 2659 687
19 5300 7114 9320 9830 2934 4940 3169 4089 1211 3314 215 202 3597 134 1956 1087 8171 848 1545
31 1315 817 4910 1904 3842 5503 3477 8785 9151 6907 9659 5353 6683 2960 7402 8242 1870 3352 3195 8829 8201 2579 8528 5467 9875 8723 6914 8612 3514 5108 2161
13 9707 5727 513 4048 3750 7506 2583 3932 1841 9938 8429 228 1477
20 7429 2233 8370 3083 3966 2323 7665 1443 9408 6094 3986 8289 4899 8544 8470 3234 3088 5616 663 2688
30 7861 9090 5996 9633 8991 9681 1902 6213 4356 9963 6865 5221 5768 6451 9767 7781 9085 90 8883 8297 8643 5085 9174 4480 7478 2946 9294 5474 7146 844
12 4059 7687 7804 9798 4755 7396 8716 416 6207 9214 5125 550
36 5192 3197 4935 6473 2442 9832 2613 1511 9132 1455 7984 7415 1338 8134 3295 2874 8904 5730 2396 333 7285 22 7646 3013 62 9308 185 9587 7530 7079 2287 1127 5923 3987 343 218
15 5299 3005 6206 419 1628 8368 9138 2288 5272 7676 790 8352 4311 5543 1916
22 6783 3147 8493 4866 275 3556 9983 4248 1688 5919 1107 7105 5490 2499 8393 4908 1812 2998 7487 170 4103 1671
30 7401 9402 8832 4482 895 6196 6272 7745 930 6587 3465 2374 2645 458 8366 6692 5925 4631 9204 8852 5165 3730 6487 3383 8356 7310 5811 1823 8710 878
28 4855 8489 6741 7102 2577 8615 4344 382 5941 7749 6726 8903 6137 7549 1316 3955 9059 2943 3087 4737 1936 75 3180 9494 5551 737 689 1967
13 7463 7435 6786 6265 8868 8071 5138 4522 3950 182 6750 8556 1796
19 273 6485 1489 5535 9252 8821 1650 4025 1572 5330 2255 8270 2822 9024 4729 4424 8163 9573 2102
33 3167 3596 277 1986 5511 3789 1762 1746 514 7769 3507 6462 8691 5785 4997 3878 1953 4155 9870 4182 3889 7470 3322 6195 8685 6007 1403 9061 1312 906 9918 7795 1536
16 3444 3249 9503 802 6903 4205 2979 2884 5899 8014 1391 2568 9607 1844 1327 1789
21 769 5227 1674 6836 5712 8059 241 1487 3393 7812 1700 5534 5907 680 8031 4265 2062 8076 5975 5294 2775
26 3696 9109 5835 1891 5155 9230 3141 122 1541 5367 1154 2451 8443 6632 471 7181 6599 2868 7603 6373 8384 6084 4962 2862 9915 985
31 9305 1492 5089 718 7934 8529 7642 4724 9288 3466 7857 8551 3661 6821 9630 4388 8649 8250 4740 1976 654 7400 6500 6295 7024 6256 3942 390 948 9097 288
27 9563 9852 3068 6012 164 3082 7816 3646 1476 4623 9054 8764 3714 8576 8476 1945 1119 5648 4609 7200 4275 8589 7660 6246 6405 5225 1180
18 2247 6123 200 8536 8772 1529 9732 2567 4026 9414 7644 1696 4419 9764 2821 3218 5631 634
29 4377 666 6066 9844 4085 890 5033 3672 1394 4486 6130 8997 2358 5456 3212 1901 5139 5195 1574 9041 4548 9525 8321 1549 7008 176 6241 1378 2162
30 8703 1323 4661 9696 2167 6305 4639 4541 7679 2977 3216 5083 5061 4919 201 851 8927 2038 9755 3206 7593 5423 9986 5839 8043 4446 3858 9334 5244 1983
24 117 8711 867 7793 8293 6444 2994 4204 3550 2371 6617 3000 9603 5774 745 192 1868 7833 9771 9782 3107 811 8543 1889
28 6412 4208 8573 989 1685 9127 64 8909 8687 7573 3765 7624 2601 9724 6728 6436 6459 4982 8881 1610 9615 747 8365 5178 4220 2253 1923 604
5 713 9864 8088 4811 339
18 2135 6150 9869 6818 7152 9158 2072 7873 2192 30 2958 9785 3992 9919 5969 5471 1188 3089
20 2949 1609 3291 3227 6102 4770 6289 8811 8234 5807 4340 9518 4466 323 8468 143 8463 2322 4091 820
10 700 7948 712 6464 2880 8396 7824 4909 8957 1842
17 3442 5491 8902 9925 7291 7591 393 9088 5509 204 436 6051 4018 1306 8375 626 2177
15 7913 3475 2181 1146 884 7 6768 165 8369 1354 3310 1677 1001 3985 2510
23 6695 190 3773 1326 4493 494 8505 1790 8026 9790 2837 9460 9442 1818 6325 4722 7084 5893 5669 8080 424 9281 1162
31 1543 1605 1421 511 5656 6222 5452 5001 9998 2400 6708 5233 1116 2414 7018 6478 7012 2085 2785 3582 3001 8206 4598 7251 9069 7639 236 3369 6611 3903 464
19 6831 5808 9556 135 3554 849 657 7808 3901 8864 2402 1071 8186 4685 5862 1163 5513 3069 3164
24 6901 3640 3362 5417 7750 1031 5122 9239 8549 2204 6309 7247 7826 1366 9067 9434 9690 8168 4545 5596 4350 4813 8535 1387
24 6403 1949 7477 629 7081 9632 9611 897 408 9366 9821 701 5183 9653 6351 1894 3109 4116 2490 6731 3280 3252 5538 1759
26 3156 9935 457 2382 7246 8951 2304 2505 6737 7316 7920 2835 8793 5763 6847 5761 6428 4271 8032 8570 6594 6339 4506 3984 7115 1449
11 2384 1411 6801 9471 7706 6005 4823 1951 7714 3643 2777
32 8518 9405 6304 975 4558 3319 5495 2831 2187 9101 8984 8214 5709 2359 4898 7313 5805 2587 1486 7670 3011 1360 4534 3189 5595 2211 6993 8744 4445 479 6113 618
16 5769 3276 9274 2904 6021 1430 2984 8968 1129 2252 3274 58 6576 4160 5629 1176
28 9393 3236 8203 2399 3795 6340 8191 8695 5803 3867 2107 6864 2383 6146 928 433 9506 4369 4694 2485 6229 9124 6144 9984 4390 8808 250 1816
27 7040 8458 6200 9657 9457 3117 353 2314 799 5632 857 194 5470 4739 5687 9245 5078 1575 1063 2746 7597 3733 3931 8249 5003 9916 1592
24 3855 3651 2681 9487 1963 7994 7096 7633 4491 2043 7078 5278 4523 6382 9593 2779 5776 411 6895 5731 1731 2064 3562 1059
28 3371 9473 1121 7602 4202 9182 6480 578 5064 4734 4539 9299 3428 2017 9318 9170 6509 9967 5641 9961 1462 7052 4795 7163 2267 9721 3880 1427
12 1515 8425 4184 5777 172 8995 127 4006 3297 3705 8120 1555
25 9675 8158 9845 8653 8546 3905 6775 3699 9378 9643 1740 5655 3078 5506 3908 8914 340 5791 336 9567 3836 5443 5900 9380 3177
29 6198 2641 9316 284 8681 3879 7203 9846 674 6589 252 3450 3547 582 6414 9816 5326 4845 6776 5524 6091 6233 7450 6988 5895 7586 4803 142 2364
8 1992 6849 2118 1997 6293 1817 2049 2311
34 9325 4583 6756 6029 8348 7916 9263 4699 2558 2156 2846 7949 3761 6619 736 6873 8074 8969 9958 1717 7995 8202 8971 9323 6872 7257 8145 7983 2219 1148 2608 4013 9430 1899
30 7928 6135 9627 3739 7882 9062 883 5062 5133 9023 1914 1395 7542 4382 1072 9801 1772 6720 7495 6586 5645 5795 9351 5897 2157 9387 783 9753 5964 216
14 8670 6793 2109 5605 5639 577 6823 4774 4484 6335 3713 4192 2463 1469
11 6807 5387 7347 6904 9163 9704 7072 8668 9914 8865 2747
18 4435 7512 5554 4285 596 5662 1331 4400 3165 9566 3798 7493 6515 1085 9277 9389 7533 609
11 8640 8262 5480 1744 7955 2985 705 5322 685 7467 1807
31 3869 3257 5636 8285 5620 9064 751 7041 444 9222 3843 2407 8760 7231 3498 7440 37 9368 2632 8165 2873 7753 8975 9953 960 706 2196 7496 7539 8122 1219
27 9449 2031 8530 6705 348 5557 3469 4498 1981 7341 4591 3277 9894 4004 903 8060 8322 5081 8456 299 4859 3020 9461 5854 8178 8069 2756
15 4307 2738 6053 4011 8598 8457 6022 5549 9719 3922 2606 6107 3559 8480 919
27 3253 4693 493 290 9819 2473 115 8062 6932 3811 5163 1282 4279 293 7782 2646 6691 2903 5850 1927 8095 2310 1014 5760 1293 8862 1392
25 375 1013 3317 4228 2999 2585 3530 5782 2037 9136 4060 4620 4000 2678 3303 3094 3456 8836 2604 1479 6717 7953 9766 1145 2129
31 8329 3575 6804 7236 4705 2997 141 3524 5526 8407 4787 9881 9157 936 5379 4784 8097 4647 1964 7917 9892 5115 1437 3600 5644 5162 540 3298 5606 1669 3144
22 474 4414 1524 6710 9018 572 2434 5082 3770 4195 9228 2760 4221 319 9001 8656 8513 7417 6483 449 7015 6
31 5868 5358 7638 9485 9743 8194 380 175 7805 3909 987 4472 1791 282 7021 4473 3813 2584 2555 4341 7820 3365 5215 1849 562 3819 8320 8363 8503 1139 1253
26 1040 2788 5425 9562 3583 6216 4593 4744 6850 5211 4988 8958 8749 8181 8392 3927 5828 3056 7669 4977 7303 9876 758 759 6127 2428
14 1105 1111 3993 1886 9381 3155 5564 5074 8502 6591 3028 5179 6342 2633
19 222 7993 7314 35 7438 9604 9731 8631 7516 9882 9298 3606 4055 7389 4312 3824 1064 8331 1800
18 1005 7129 481 6128 5054 2781 921 2291 3230 101 1086 5269 8797 8877 2032 144 597 2542
26 9550 3325 7762 6367 7271 350 9407 1767 1034 4881 3438 9725 3568 829 9468 8013 8756 2188 7850 7705 3923 5439 1602 5666 3737 3091
34 3555 5858 3541 780 9314 7692 6896 2320 9952 147 3476 7689 8105 7587 3449 5104 77 5271 386 238 9017 7294 5612 7124 1483 2435 1484 5974 8942 3787 8508 321 2691 1077
10 1135 3767 264 784 441 5264 9123 4286 9472 2792
24 3578 7113 4853 3372 6386 8261 4893 5180 4290 173 5068 6027 3545 1727 703 2801 5365 5461 4577 5683 4778 4332 7733 2168
10 5424 8024 3779 1399 9997 8311 3128 7002 8119 2445
21 5693 3608 9072 4276 1171 4748 7333 8287 1370 5947 5488 1708 6651 6592 6673 2637 2908 926 2410 1558 3045
29 84 3311 2495 8219 4656 7785 8030 7643 1459 7659 6290 5600 8725 4235 5851 171 7121 1851 5053 2615 4996 3522 6334 1191 4277 8690 7123 6494 2125
16 4894 7891 7373 7686 6078 4371 7761 4871 4937 6548 2504 214 5484 1140 722 2142
33 9140 9463 4665 1994 1580 4297 4652 85 159 9458 6163 979 1561 2933 9444 1761 4902 7397 1786 1890 6918 404 2980 3183 2855 2131 5251 16 5817 702 295 1150 2484
23 920 1803 2184 5725 5670 6920 8099 2611 9162 1606 331 3506 3237 9352 7225 5175 9599 5949 6147 9025 7459 2597 2051
32 9799 9649 2401 7572 6749 9620 6648 8116 6013 5116 8237 8963 133 5658 9361 1806 8197 647 9762 3525 2127 6194 8751 7973 2318 7083 9014 5659 7881 7133 3289 2239
28 6706 7020 2198 5566 1873 753 6643 8652 2108 254 3211 9240 6165 1668 361 4442 1094 6072 7765 287 2120 8683 9521 8838 6573 472 2770 470
13 2559 8736 1030 168 9289 3760 6285 1663 5647 4883 6994 2208 1965
26 7956 7329 8198 9705 506 6969 7191 6672 508 137 9784 6116 9929 4817 7728 3769 3412 5752 51 9258 7951 4904 9369 675 385 1954
30 5717 2123 9385 8079 6034 7162 7344 6902 9729 461 1104 9667 5210 1905 991 9293 4198 337 4362 7295 1811 2158 7175 6390 1288 4402 5896 9829 99 2590
27 2695 9452 7372 935 9180 2930 3326 6946 7234 2040 4470 3752 1741 2532 9594 6320 5072 6867 9995 5095 3248 5935 18 2449 4338 93 2737
17 961 5213 7779 7483 3404 8729 2687 7598 4360 3296 4465 4516 4242 7968 9977 4145 1047
15 372 1406 9602 9628 6634 8795 4595 2954 7176 1831 4317 229 6210 8921 2599
20 7952 3208 3947 6475 7174 9068 4384 2543 2875 2121 698 8344 7798 4890 7273 4974 2099 5825 1617 2803
15 3654 5284 5502 2237 1657 5438 1089 8894 6701 9119 5431 1898 6840 5682 240
24 24 739 4112 199 9871 9738 7901 2817 8378 4300 2260 8686 2054 7167 6848 6463 4700 8216 7834 8939 4185 4531 6613 1189
21 768 8073 1206 5679 1320 4947 7790 3256 6938 6869 1091 8977 1380 9802 6992 341 4474 7673 6481 8947 1155
15 2869 5743 5295 4869 1647 5433 4326 8243 8869 2866 486 3957 4240 7393 76
30 4090 6329 2511 5120 846 7922 9576 2355 7513 2174 9226 5372 3799 2607 8064 1236 7999 5274 9183 155 2672 6626 3504 3703 4079 5536 296 2848 1224 2734
11 8962 5237 4421 8146 6425 5012 6048 896 4027 7391 3053
11 9084 7210 4815 9483 7854 4181 3113 6978 9700 1948 2889
21 2356 1773 3396 2497 4938 7847 7777 8719 8753 7855 2083 5327 5673 140 1398 7739 4418 1522 9940 976 2444
34 4637 109 3989 1240 2570 9949 4930 9948 7169 4045 4227 7830 6223 2370 5172 8431 2068 9212 8841 8872 5733 6588 781 132 407 5396 7241 2046 2827 2816 4820 7758 5859 2887
17 4150 1024 8309 5663 1797 7284 1706 8180 4193 8451 4769 2421 1488 8044 3064 3883 2729
15 6115 1438 7792 4673 1723 761 6009 3729 3926 4926 954 4005 2007 8618 2892
16 3988 1630 4255 4666 9118 5124 9346 17 1878 7044 4728 2683 9198 7112 707 612
36 5885 2536 8328 3411 6316 3036 5036 5409 2119 3974 833 6751 8659 8926 9709 4746 9739 4674 7797 7738 2081 4945 6623 5755 2372 1507 6193 4760 2030 3175 3641 3042 1137 1318 963 1934
4 311 3539 5891 2146
19 4379 7471 206 1830 1729 4481 9546 9394 2790 9837 3146 1584 2713 3846 8692 9780 6583 8726 1132
22 541 1372 1588 2605 4020 9419 9537 5838 1143 8478 9034 3634 5126 4943 9568 6411 4556 8735 6096 3480 8700 2798
29 7399 4706 9255 7196 1245 1620 7829 2906 7592 4642 9141 5305 2345 1814 7743 4165 3777 6117 4218 2242 5898 9760 5044 5560 4273 1931 9 1268 2893
12 7561 8586 2718 788 9427 5065 2554 3080 4364 590 3380 2190
27 4143 4781 1002 3685 4515 6406 728 1516 8961 7531 4621 1446 1906 5993 418 9726 4239 9309 8634 5588 1813 6080 9196 3724 136 791 2254
20 568 6457 6410 9104 7884 2207 7256 9858 8617 2525 5514 8111 7519 4837 8919 2353 6323 2300 638 837
30 4494 6493 9965 4064 4782 8831 6512 8761 969 7764 163 1907 8307 5999 4906 2768 2004 7168 6549 591 2471 8837 2262 4229 1390 5446 7215 8057 7049 2668
20 6228 2357 8462 2717 2110 9303 7763 6953 3137 2700 3967 4100 5997 351 1795 885 7051 3611 4374 931
23 622 8376 5540 640 611 3366 7276 403 1081 2395 8610 777 3308 4654 6713 8571 1274 8222 4905 5318 9906 1278 3003
15 8950 2512 482 3445 8035 2802 4327 2966 6610 3837 9266 879 7069 8870 1339
31 1833 7230 1959 7787 1046 8595 4552 6882 886 7726 9838 7222 3135 7046 2563 4804 8763 3336 9431 335 4524 7839 2443 532 6214 8677 3998 9058 2540 7111 89
29 6961 4260 6669 5212 3565 8768 633 7134 3429 5608 4426 7488 7570 1065 909 125 8873 5558 2295 2365 1262 7589 466 4261 4563 8541 1456 710 1151
12 6541 864 2973 2338 6402 5043 8303 8572 4324 8308 4799 1184
29 29 9052 9806 2216 7628 1733 7342 5861 7770 4159 2909 4394 4264 6240 7626 5956 6234 1337 6542 6697 8469 7623 7518 8114 1238 8948 5758 8301 1498
35 1664 6658 4794 1908 8940 8379 2527 2415 6041 4453 3610 5262 8974 6779 5778 2595 3912 1053 6174 4097 632 6347 4166 3427 3059 5037 8467 9606 2853 5460 9129 8083 7166 6467 2591
13 55 3990 1208 1416 1420 4075 9049 8825 1497 9646 1118 7937 1604
17 9523 1860 1177 7337 7840 1369 4888 2388 5021 4209 2808 4033 5444 2376 6507 9536 2279
17 9216 8459 1267 5892 9190 8854 6336 6698 9284 3694 8605 5127 8636 2847 1701 5665 1715
35 9283 2538 6296 9640 9795 8575 6638 7912 4503 3904 193 4293 281 5301 7305 2513 3039 4330 9113 9547 9955 5852 2500 5786 3497 5607 7336 5030 9642 900 3698 6445 2964 14 2996
23 4842 4885 6208 4029 5690 2652 3930 388 5864 4096 6488 4459 2139 2995 5448 344 8068 3312 8139 251 2243 3528 2018
9 2576 7325 5475 1149 8251 7784 5230 1212 2970
18 4346 7180 7406 6942 6764 4587 6182 9262 1256 9357 636 5481 7363 8153 9181 5979 7641 786
26 4948 6159 9944 448 9179 7732 1738 5603 1016 5317 7635 6802 6134 7578 7875 4169 9008 9051 3287 3626 8501 1287 4354 8898 4846 2669
28 1888 6199 3368 7085 1684 4585 4643 6618 425 5099 1389 459 8624 8291 512 9403 7960 4262 5397 5066 4412 5207 4611 6546 3612 778 2055 943
13 734 1984 9469 3050 3116 8176 120 5764 2393 959 8253 8332 1159
14 3149 9920 5516 9512 2551 9466 691 9655 4857 2346 1452 9614 7789 317
12 7119 7575 1670 7056 5392 1285 5505 1467 3543 6919 402 2863
27 4214 5034 332 5156 9209 6570 1169 4213 2842 9238 1012 724 2501 4489 7007 4487 5171 7280 620 7559 162 4530 1599 2312 3417 4432 1520
25 7862 9636 5628 3122 1660 808 9574 8460 2715 1850 6552 8107 9571 5793 359 9315 2524 1026 4751 5788 8724 8333 7011 3259 2935
15 157 4428 3334 9702 7245 1631 775 189 5394 7809 5492 1969 1131 8850 2476
30 2986 6884 4761 3114 9171 3802 2076 4497 659 1364 2052 8741 6423 5005 153 3763 5411 1265 5590 2733 4234 6037 3834 7127 6236 1928 8260 1579 3588 1231
19 297 1874 2209 7654 7872 2137 2154 5904 9470 1435 2197 6310 5336 7426 1713 5348 5876 4042 1114
29 1978 3196 8786 6220 8034 92 9737 1480 8645 716 1203 3924 4840 1921 5258 3399 1743 9327 8930 6707 8170 8839 9580 9005 9840 1544 4568 8517 116
32 3103 2079 2455 5955 5779 7663 5837 1523 3258 1930 7712 8063 9376 4232 5878 1827 6709 1678 1083 7851 7526 5843 8899 526 8036 2888 2879 9120 5637 1226 9326 2759
35 5341 2714 7648 5686 6141 66 3513 4696 7274 1947 9800 2622 3328 2024 8416 278 7505 7800 735 1124 5128 3567 500 2002 5784 5454 79 5177 637 2643 5148 579 3586 239 1344
33 2912 8055 2657 4107 6173 7263 7216 7150 2264 6839 5092 6495 3142 6014 4187 3873 8531 5552 7723 6841 7961 2871 858 8880 2363 5787 944 7349 7057 8078 1653 3994 510
29 3281 5113 245 9815 2916 6927 6639 5374 8809 9687 819 793 4730 4560 149 5496 1957 995 2182 899 8925 9432 5741 7751 901 5865 5398 309 2306
26 5716 5948 3910 615 856 4450 7778 2229 6605 1029 9941 9541 7966 738 1183 8931 5468 3856 7667 9794 1726 7183 756 6242 7700 2124
15 957 8435 3188 5711 1474 3418 4792 3648 7613 4337 869 383 104 1234 2215
27 6724 6735 6360 7683 5783 4007 6089 560 8981 2702 6056 3007 3070 6824 8745 999 7497 576 3980 9443 2865 8625 1641 9749 6539 3408 492
9 445 1593 6307 6718 4410 7685 5091 5821 1556
17 3693 8566 5920 3906 7759 767 872 8235 5266 8775 7307 131 7038 8232 8923 7182 1897
31 2020 9985 2881 4409 531 2385 8324 6374 3675 396 4247 6677 7924 7077 8646 6820 434 6267 6773 7331 5114 8777 1374 1334 3771 4923 7625 4993 59 8217 2726
29 8395 902 4836 881 8542 8953 3851 2234 484 5023 3241 5249 1714 1597 453 8584 8498 8417 5585 8252 2420 3695 1351 5930 6489 2067 5705 3887 1041
20 2008 3951 4109 9105 5303 8955 1324 1023 2533 9398 413 2347 9147 8046 4189 1576 8106 796 2840 2332
25 8406 4546 4624 6645 2654 1168 8028 9160 4701 6891 5849 974 256 5389 8922 4500 8762 3941 8305 3238 6968 9589 6258 3279 822
35 5598 9996 6202 3585 8085 9527 1349 9177 2924 993 4879 5310 5933 7898 8182 3077 5704 3455 4322 1167 1548 5270 5789 1329 1798 4576 4434 8092 8358 602 8888 4305 2922 4622 2962
25 3030 6924 8440 4003 4065 2693 2621 6231 6838 243 2913 7032 7925 5577 3392 9332 3526 5056 2194 3681 5544 329 9374 779 2656
35 3471 8848 5541 7172 3453 9678 3190 5713 5962 2292 1166 6883 4634 8268 4688 1988 2955 6733 283 1885 6061 9584 226 2003 3581 5961 3048 6934 3041 4861 2961 3863 6931 111 2763
35 7141 3758 6255 1503 7382 8937 1686 7387 2095 6344 8103 6345 4566 2498 5031 7757 3962 4076 8241 8045 2416 2744 8655 5119 7540 60 5796 6028 2772 6045 6789 1207 971 9329 2236
33 8102 5487 41 2305 6392 3370 645 4099 2275 715 9741 6253 8807 1736 5157 6777 8039 217 4521 5945 2890 1270 1691 2022 7584 8386 5435 3035 197 6981 3734 3702 367
25 8840 2899 1955 956 4629 5437 516 8494 9324 8767 740 6816 9774 3161 3187 5084 7348 3226 792 2550 3405 4918 2200 9638 1241
15 585 6110 3354 57 2754 4070 1623 6046 8893 4570 3627 1865 4157 253 2560
30 268 5572 1221 3191 2060 3435 5695 3451 6237 7562 5323 8987 6806 5909 694 5102 8565 8172 5110 5200 3820 4298 6328 429 3551 1636 8934 4911 7036 2574
24 4495 9137 5771 2056 1913 1352 5238 2969 4594 7614 8857 5556 7521 8720 9663 7023 9531 8802 5797 6019 9878 1718 9117 1940
29 1353 8209 442 3199 2000 5724 2602 6331 2048 9038 1368 7755 6939 1820 3913 5320 6129 9788 3254 9931 4161 4444 1837 3898 3400 3665 8185 1300 2468
29 5406 5875 9012 3875 5602 6526 4021 6247 40 8638 463 8620 9006 7237 4457 9480 6915 9091 3379 9244 4571 6219 2029 2427 2369 5281 6595 1248 2460
13 8342 1192 6154 2708 5331 6153 983 6330 7268 1958 3688 9532 996
14 5649 3468 1246 7071 9126 3033 4416 6015 7818 2679 2864 4047 682 1799
16 7640 4959 3092 8554 7710 5584 9889 156 6659 5070 4301 8891 1935 8123 9673 981
17 1528 9128 5214 2518 6454 5187 5642 1294 177 9900 4838 9519 1594 5563 3134 3032 1361
24 583 7704 6951 3602 3594 6101 7811 2115 1504 2315 1590 405 1882 2269 9099 7100 1881 6074 9591 9296 2492 6782 8527 807
25 2941 3138 6125 1201 7492 3232 9836 8373 9436 2284 7326 4732 9899 496 5363 7828 9155 2522 4510 7946 7756 1614 1052 6260 1771
26 8204 5112 3129 3108 9524 607 3940 244 9652 1271 1692 8288 4012 4768 2631 3351 8129 2093 6790 2666 2723 7059 6614 6911 6439 1284
24 3025 6558 5748 6186 7579 6967 3439 7569 2972 9208 4628 2151 7368 3893 1690 9363 4252 8340 7947 9336 432 5790 3619 1996
11 1735 8021 3603 7690 2140 8306 5653 8371 9818 2813 2709
31 5304 1651 5887 5756 3057 7548 8597 5579 9641 3228 8662 5134 1302 8264 4632 9665 2752 748 3823 8388 4757 4922 3415 3745 5121 6401 4308 1244 2019 7825 1546
19 4829 5815 8743 7205 7502 399 1402 1702 5479 905 8561 6109 8999 2594 1301 5159 6844 5937 247
16 741 627 2074 2212 7139 6835 8012 6906 5010 7878 6990 7185 5696 1204 3723 1022
28 5381 8739 1804 9769 1386 9492 2059 1565 1725 8827 9089 2104 8017 3436 4121 5550 2285 5383 2699 2872 205 1036 2553 2096 6955 298 3857 456
25 9979 6747 3510 2896 7208 552 1181 9070 8506 2467 6036 2375 7132 5472 8126 8817 6758 1654 9924 2795 8230 5813 2698 7161 918
22 8559 6740 5562 2769 2636 3145 2461 2493 3642 3587 9016 6878 8577 9756 8849 8707 107 2094 7289 2227 4241 2620
16 6321 7194 5568 7822 9056 7306 9356 2826 9855 4095 8497 108 6158 3656 2983 2947
28 3743 2006 2539 9549 152 102 6989 6716 9612 4584 7490 9420 3894 11 809 6565 581 3074 6714 3801 3548 1848 8866 1379 2886 770 8718 1307
18 9581 8699 1054 5732 6825 7933 6962 1643 5610 3691 6211 7935 5715 1027 6384 8538 521 2716
23 1269 6004 6338 5621 9538 4786 6062 7903 3173 5247 2938 947 517 4915 941 2582 2155 4589 8240 1847 1642 2818 1439
17 6039 4965 1756 7879 3473 6312 1229 6226 6371 6525 6448 4142 4463 4752 3591 9304 1687
27 8520 3029 7430 3022 3038 9710 6270 5457 9975 4767 3421 9908 575 8906 3508 7930 6531 6792 9439 3914 9522 4197 8138 9775 6364 6350 593
32 3457 5359 2690 6000 1465 5751 853 7558 2810 352 6103 2086 2042 2923 8299 3841 213 6490 1382 2325 8215 2050 5151 746 3978 7611 5737 7304 7131 9215 7058 2458
29 8728 5818 6192 9297 782 6076 1721 9623 4019 1810 7967 7998 1283 1345 2506 3359 6996 5910 4513 9386 4991 9437 1732 8441 4968 1939 5415 725 2028
30 4687 7451 7975 7867 2686 1845 1250 8970 967 3790 6203 6769 4660 1296 4567 731 195 9688 8846 4015 2005 5283 5657 5252 8174 5316 6881 6417 4538 3060
29 3564 7553 5307 2787 7448 2362 1412 1299 8830 4358 4443 366 3902 924 6637 5430 9582 5319 6797 1877 54 8684 8132 1120 4203 455 8701 2530 2387
26 580 9685 9559 2425 7662 39 8413 2065 8326 7125 534 7179 2263 7447 2367 5339 551 3019 5469 4509 9365 2638 316 6365 1343 1711
28 6649 4537 9078 7870 3972 5428 4123 6082 4819 1431 6641 7547 4125 7552 733 4423 803 1298 2701 765 1616 9905 3890 1680 911 3719 1887 473
22 61 2436 4154 665 7190 671 9923 1239 9075 1595 8644 6757 1069 2541 5965 6653 2993 4501 1478 3929 6111 3106
31 4788 3160 720 8823 3680 1496 6399 2270 7014 4406 5042 3593 3139 7718 6292 4963 8427 7708 5633 1214 2692 4574 8515 2301 7869 3350 9747 5855 1115 2134 2214
28 5161 9974 9011 6856 2470 9429 907 4477 6460 342 6120 6696 8705 6861 9384 8127 836 8845 6010 7500 426 5932 1552 5130 669 1758 5504 1371
19 6456 8104 3830 4016 2333 4854 9044 1836 8712 3440 9243 7696 7905 2843 7996 1472 3110 4186 1481
29 8179 400 435 4028 4645 5913 7466 6279 7407 4456 6642 5664 4805 7735 8169 357 6167 78 8771 3217 5736 7844 8096 5688 7469 188 234 5646 2988
8 6952 7116 5983 932 8982 8606 7223 2767
32 7877 2026 47 5627 9610 8642 300 4415 8895 9358 9542 9867 9348 7982 7299 2232 2047 9279 468 9269 5912 4633 7617 9887 4610 2224 7219 9560 840 8453 181 2833
33 7799 4648 1276 9680 7442 4806 4544 3194 3181 5792 9478 5040 1861 8976 4190 859 8855 7098 9111 3413 1058 503 673 2849 4707 7744 3715 3140 6959 8519 9990 305 3209
24 489 4437 4848 951 8042 5799 9273 7555 9639 9229 3625 5986 8863 1918 8704 4381 8732 5950 2625 598 7906 5508 1547 31
16 9207 2838 8224 3921 2250 5453 3215 2386 97 8339 4329 7992 7485 5248 998 427
8 8184 9763 4492 257 7476 4040 6170 2193
25 8420 6877 4080 9557 4035 1676 4163 9849 6181 6581 6176 6105 3935 972 7047 4438 7892 7412 8409 2103 8879 8156 5273 5586 2832
20 8675 2748 1970 2261 2799 2751 8992 9699 160 8336 4178 2616 7852 8818 6468 4797 8522 4900 1088 1078
30 6424 2426 4980 4050 8093 982 2217 1311 5193 7037 5901 1415 7842 2978 2950 8689 4251 8778 520 3485 2545 5275 44 804 2929 7053 8124 5362 1367 639
25 5245 6239 439 5477 2041 2981 4532 9319 4564 5559 6326 5259 2990 2308 9509 4023 4448 5940 6435 9413 6112 7943 6748 1038 2058
25 6160 7082 8346 8133 5234 233 8108 7076 7848 7897 2097 4619 3132 6516 2624 743 8479 3954 721 3327 5978 4296 5280 2627 2682
11 7468 8394 9808 49 642 4172 8959 4790 3975 1196 1900
31 1866 8449 825 3783 922 2105 9647 4328 1710 9370 4638 8533 4014 1048 4843 2341 1747 8748 8750 4597 4985 8828 2201 1712 7170 5960 4753 1400 9220 9796 1502
26 3692 1734 3426 9654 378 2919 6597 379 6808 2959 9479 742 8813 2354 5255 2517 460 3151 4108 1506 3571 587 4383 5848 3021 2089
20 8578 2480 3754 8746 6905 2557 5314 9110 5340 3968 6372 5980 9372 454 5894 7281 6715 6685 9227 882
14 9121 5384 6532 5118 1554 1442 2326 1972 4731 3335 3172 3302 2664 2939
31 1993 945 2782 483 330 5344 6491 5356 1752 8148 1612 5073 4062 6888 9884 2580 3776 7974 5257 8569 9312 1007 5775 2812 8452 5434 7481 7938 5408 465 1190
17 3239 4511 6536 266 2180 5375 6956 3952 7187 1198 3157 5486 9508 7990 1961 4319 717
29 9901 5654 565 9735 4403 4119 8485 1896 7794 2766 3509 8721 5995 916 1328 7217 7802 7272 7608 7932 2918 5418 5561 6217 1938 9465 9259 8490 970
31 7911 2928 6327 4658 6814 5366 2128 9553 2548 6375 4718 7298 2931 1463 9086 8491 6774 914 8887 5681 2218 603 3558 5842 2836 4554 3518 7311 2441 360 3006
25 9411 1090 8040 950 6703 908 8160 65 1255 3645 3222 6604 3511 3391 8473 8162 7775 7279 8349 8142 3637 6958 6819 8022 3093
33 1563 2132 6426 2248 7339 2309 3474 5143 5651 2945 953 7564 414 5216 2739 5530 9261 4562 9096 7786 4672 8196 2974 5109 1728 6700 9446 6461 3871 1230 8941 4929 2092
20 4882 5990 1010 6069 4137 4024 5952 106 3086 628 7893 2136 4230 4408 480 1607 1694 8430 599 2423
21 5902 2791 7248 98 4101 6647 8667 1568 6519 7566 4533 151 5154 3027 3844 6600 2491 7524 2408 4716 1000
12 7229 328 4507 9954 3911 9390 3304 4695 9937 1210 2897 1626
17 4066 315 7465 9254 7668 9100 2394 3434 6197 1785 7359 4931 7154 443 8211 7375 978
27 6965 8426 8915 3566 9617 1453 4617 6098 5451 3673 5256 5201 2882 103 1342 3808 8281 6306 9115 5918 1021 2877 3576 8152 9484 4069 539
29 610 9246 5205 7557 8682 5135 6346 9481 5160 5465 2122 9302 5385 1519 4970 7583 4762 9664 2469 5229 3143 6524 3063 4542 431 9717 9004 3097 1409
22 7318 7346 5250 7065 6830 6897 8258 1485 261 5826 3678 6166 9197 5928 6661 3002 4676 307 5047 2172 939 2743
30 2429 6752 3991 9804 5674 2665 374 3203 7048 1330 865 1199 5373 4978 7340 9902 1926 2834 8946 4386 785 3835 2114 1987 5077 4540 3185 2845 527 1578
18 6633 4352 8998 3751 6363 8177 6540 5498 6551 4999 1358 7821 7427 9960 7568 6917 5174 1893
6 2278 2736 7813 7719 7410 308
28 2774 8792 5626 9712 4990 6132 1458 4989 9167 6684 4106 6974 5625 3660 4831 7408 5321 2344 4738 6933 1144 4010 966 1581 8674 9396 6453 1376
31 9020 842 2147 6842 1863 4615 8118 7730 4130 4398 4397 1944 7987 6921 7009 6829 9651 1289 2971 4210 625 7022 4122 158 6209 9668 9371 2337 9834 6870 3166
11 2418 7671 1919 1126 4180 7087 9669 7899 2273 1856 3123
17 9291 7846 9874 1550 6356 5228 7856 8737 1859 4528 2302 4808 5581 4401 4127 827 2598
6 9626 7104 730 2573 6644 1551
21 9187 5744 3821 2537 2245 6446 4318 5287 5045 7604 1220 6067 6674 8125 1922 4691 955 9650 2487 3204 1880
6 8509 3202 6521 7001 5944 71
15 4586 5721 933 2663 7682 9186 446 9339 861 3899 3762 2329 7950 1633 1303
22 4644 7534 9822 9896 2417 4561 6038 5548 4992 1033 5840 6145 4462 571 4427 8398 4680 3780 8488 7985 1570 48
19 2327 5332 2330 1470 7672 4135 4745 451 1649 2012 4972 5762 5617 2730 68 7537 5312 9172 1340
26 4098 1973 4366 7414 543 7529 9911 6854 2360 8438 7327 3331 9807 3725 3804 8537 3831 7029 2628 2259 1408 1242 9703 6011 8154 2572
8 7227 3246 4994 9467 8626 6212 2902 723
37 6694 9306 5285 2036 7034 6026 1232 2661 1109 546 7103 9701 9823 4550 501 2438 683 2437 7507 6522 5482 363 9295 9957 866 8900 5246 9007 1540 6693 9486 9383 4392 5057 6721 7441 2514
21 219 9544 4717 7149 515 9718 4964 9683 4827 9791 9500 3800 5236 8364 3995 8861 9507 2223 8098 7252 2854
12 2176 3774 6791 5834 7437 2564 8002 3422 9811 3892 557 1423
28 1815 1635 3403 7874 1755 161 4958 6971 5844 523 1589 3782 6389 9333 1783 2016 5000 1011 2283 1092 1028 8455 8275 7297 8226 818 9176 487
27 3008 892 3866 6430 1365 6805 6832 6925 7754 7865 4892 695 2159 7510 8432 4370 9053 3711 6230 7030 2251 5889 2914 7074 5714 8740 1826
27 5222 5500 9286 1508 8110 6280 4256 74 8510 9379 1639 5268 4043 2936 8567 1832 5261 8709 2761 5671 4600 9999 2289 2210 9776 34 2805
16 8271 5856 7637 9947 8192 3809 2721 2488 2331 8100 9781 6944 845 2100 2169 1915
20 9670 166 150 7226 6966 3124 2706 6657 3499 130 6238 5141 7863 5806 1425 2456 2610 2276 1257 2515
19 2944 209 9251 6397 6432 7969 5286 8633 8676 9942 2391 4129 6136 2704 3046 2138 2286 4281 835
32 6361 5393 3786 8803 7193 529 7019 2045 3896 4834 1532 2179 4856 8511 754 7220 3470 1235 6505 3738 6225 7942 1258 5781 7157 4640 2870 6358 1147 6518 4124 2526
14 3321 9021 2800 1526 2707 9618 9854 5800 3431 5413 1128 3229 1559 1534
17 3647 6274 3639 3956 3577 8347 875 9206 452 9746 2830 6250 1279 7201 962 5672 3207
10 8564 6377 8819 6395 5707 1216 2298 5676 1247 650
13 7716 8231 1765 7328 5328 7774 6108 322 7073 3012 1084 2755 1766
25 113 3104 7243 1252 5291 8665 1985 8018 2565 2397 4667 3592 5630 1073 2431 6543 1457 6561 207 3153 4375 3324 8070 5953 1444
16 6913 3461 3490 4657 5371 6980 8822 7725 7688 7405 73 1473 2280 5720 2508 2339
32 6607 7117 9744 6523 1587 8804 7118 1768 7498 8051 9077 4219 5929 7351 5640 5421 8360 2256 4681 5199 7945 3018 7338 7919 9010 3349 5311 3520 6266 4683 6063 2448
15 3168 3459 128 95 6771 9130 4017 5553 4361 3488 2593 447 20 112 2039
26 2313 8323 8351 3605 3220 9202 4605 7941 4664 4302 9000 3085 670 1840 9783 5519 732 1566 5168 964 3353 4488 4022 9451 8319 904
18 1724 5746 2780 3193 9843 6866 3115 3152 495 1666 4110 2342 3630 522 2815 8278 2814 28
7 5402 9459 9921 6322 6016 760 3100
29 6900 4223 9543 4404 3270 9065 1346 9809 4105 6297 1464 5442 929 537 8325 9233 6928 8399 9966 33 420 3125 8454 1161 635 3860 5718 1569 2581
9 2507 3329 4502 7737 2731 3721 3102 7110 0
31 5343 3976 3512 9042 422 7278 2406 4858 9268 8446 2034 3847 8591 304 4368 9142 7063 9946 6667 4118 7031 1749 6249 7158 3162 7722 5342 4641 9831 3617 2676
25 3667 1689 326 9951 5351 6357 2852 4756 8585 6868 7610 2340 2793 8525 4816 4715 2475 5493 8663 1495 6482 421 2411 370 2150
28 554 3384 7249 4733 5678 6537 1509 2075 9992 7894 7508 8562 561 9880 8115 7419 8516 3437 8600 3337 7978 5022 9168 8613 6087 4987 893 2696
20 7088 4467 412 7807 3072 9863 5032 8512 9933 2202 8734 8985 7160 5836 9596 8507 9311 5029 8377 2807
38 8587 9087 9805 8521 2856 2635 1222 3732 3958 2126 3261 7515 3895 3584 6909 2023 5329 3997 2535 5872 4518 3416 6171 26 2447 2674 4478 4201 7658 9094 4458 5048 5224 7831 6723 5485 9860 8789
7 6418 9595 6003 1186 2660 3848 2390
30 9698 2106 7631 4703 9071 9199 3532 4270 5915 8801 3432 2021 5313 6556 4578 2433 4747 276 5905 1975 2824 9730 1044 2080 148 1074 9637 4140 8874 1475
30 8698 3170 248 5816 2352 2178 6719 1862 4274 5770 1264 912 4675 5097 9221 6047 8844 5217 5355 3363 7736 5924 270 3348 5740 5203 831 5293 467 3131
20 6780 7357 8207 6352 5107 3636 1441 1182 4588 2186 4151 5346 631 3983 4393 3378 7136 6148 478 2472
31 6767 5060 2566 9353 381 8236 8367 4713 178 6579 1309 1117 5105 21 1819 7819 6083 1781 7853 1321 6668 6646 334 7771 9922 4886 5661 8424 5063 1039 1855
29 6044 1625 8434 3938 3420 1557 169 4749 8806 3099 8956 5700 6898 1448 614 894 7904 7016 9009 574 6419 2014 1754 2450 1645 4295 5931 4292 1505
27 4056 5510 6450 601 3537 2653 2753 5809 8239 4711 4851 1834 6042 2859 4801 3076 8354 1775 5989 3716 3240 1440 6770 6986 6311 3111 43
34 2531 1852 9890 8766 4957 3493 704 3669 4147 6800 7045 5386 10 6785 1466 1314 7107 8280 1596 2403 8465 6510 3385 4572 8657 3275 6496 6177 8482 1892 980 2203 373 2588
23 3410 6851 8588 6984 6023 6251 6172 4236 4677 7267 7630 2596 3389 9148 5414 2650 1703 6621 3388 4844 8582 1122 3016
14 5881 9768 5025 854 8445 5660 369 4113 8928 862 9968 3341 7713 2082
28 1879 4455 7666 6563 7092 8037 9561 4355 4653 2948 8312 3044 6926 3121 3079 1982 5877 9661 42 8389 3523 1698 6837 4134 6943 3652 6470 258
23 8086 3024 1313 267 9037 4063 5914 4074 774 9193 9498 7142 6935 5916 3192 6766 5867 2529 5542 9552 4951 2221 437
28 8189 6455 4875 4405 7364 7411 2797 3373 4206 7370 7727 3757 3570 1471 6262 3748 1373 3244 9572 2549 6846 6640 1049 1249 4599 4580 7527 272
26 2828 9691 8835 2112 5069 7239 9624 8603 5462 1591 7560 4789 4316 7454 4144 3299 220 1615 6760 9257 9648 8082 5988 263 5501 2634
10 1794 5698 1640 5668 146 9981 8938 6544 9404 3159
23 7849 2784 6765 8419 6438 6261 3949 8272 2885 1348 1096 6085 1946 1682 9489 5531 2725 1952 4785 535 1962 224 1802
24 394 9191 2649 9579 4944 9441 3454 6743 4625 5166 1450 6778 7699 3519 5325 2257 2521 7959 3945 2152 6559 8210 997 1924
11 6269 3849 5829 4411 9750 3720 5845 762 1341 27 870
17 6843 2963 409 210 1910 7684 589 2069 5873 5075 8295 6941 1801 1808 9827 462 2710
18 5027 9851 8157 417 1102 7535 9133 7532 397 6391 2670 2740 6975 5675 5419 7871 8553 4
28 7709 3891 3557 4953 5866 3315 4244 3862 8871 5569 8450 7823 7866 4086 3832 6025 855 198 4573 9076 1172 525 4269 5753 4649 3690 8131 1920
14 7188 8629 4867 4826 3936 5463 9217 3876 5489 2764 828 7356 3458 877
30 1332 2520 5282 3058 1175 4372 2771 3290 3062 9912 294 8072 4916 880 684 1525 5191 1025 9826 4614 4216 4508 6394 7242 4363 8372 5745 8910 5841 2483
29 4475 6875 4225 9613 415 2667 9027 2035 8257 2206 6596 3925 3293 1277 9727 7292 771 973 5176 7378 2328 6278 4812 2820 7836 430 5458 8113 1424
27 7064 2422 1223 1500 6615 2033 8190 2173 9539 7080 235 3574 5992 9533 8199 1990 6545 6126 4030 8061 7369 1619 4901 1350 5390 1134 2503
26 8213 271 3263 5888 6575 3778 5298 1716 2630 2722 1396 7615 5728 3613 6429 940 4460 9455 5946 488 7204 9993 7335 6458 5173 2562
26 6912 5008 2989 4690 1980 7178 6799 6880 6679 3130 2789 6528 8907 5220 9423 1385 9891 648 7374 7596 797 70 1903 9635 6191 915
13 8787 7677 6245 4245 1319 25 2481 4303 1586 9558 5253 505 2925
17 3697 3067 5507 119 3740 4764 2673 3785 542 9438 7221 2241 3225 6725 1699 3043 876
29 4536 8715 9045 6567 7253 5853 6422 7988 4884 4111 5094 5801 3282 223 8935 3517 1974 3662 2575 4650 7317 3683 555 6788 3965 4606 391 4120 2366
25 6656 7319 3066 4141 5263 4607 1436 8851 6106 8918 6857 9321 6513 9978 8161 8006 2619 7089 3084 7358 5831 9936 5499 3620 491
