29 45 8033 2603 2772 5383 182 5537 9095 8108 704 7393 2983 7374 1526 9703 781 231 693 3512 6725 1619 4508 3691 1328 9953 9934 9765 3868 7917
31 6428 7833 688 5934 7335 3762 1123 5318 4828 1149 7468 363 8131 38 933 2066 1091 7112 7199 6644 4470 100 9965 8069 2190 9657 4222 3173 3468 9296 85
31 9475 2446 9340 159 9257 9787 3172 5598 2992 771 2289 1676 2030 7188 4379 6601 512 4373 6146 2806 1471 3976 8656 4013 8965 1995 1279 2703 3840 2456 9802
30 156 2849 8372 4701 6635 1745 6677 2221 7598 5439 4864 2513 8189 8115 4748 3963 1391 9262 7208 1970 154 9840 9879 186 9291 6222 806 9003 3106 8629
31 1566 9594 6720 2855 429 9899 3118 9121 5396 6944 4432 7610 7000 907 7860 6836 2077 3641 414 2307 8199 2827 579 2074 6911 2667 8516 8501 6269 4875 7759
28 4467 7914 8183 3051 1675 3764 7957 2920 6446 4025 8211 2230 9812 1389 5894 3377 99 7564 505 7495 9000 1200 3526 6909 2926 3663 4962 4821
33 2995 5588 9696 4236 5197 3919 4249 9777 5166 9235 2797 980 1020 3330 7355 1244 3317 914 5095 8599 398 5799 7067 4920 5753 5785 5571 44 5711 8918 2493 6480 63
29 2717 7256 9447 5476 5855 9625 1689 4642 194 2286 3548 9628 1147 125 3477 9668 6851 955 6110 1426 6558 7548 2579 1005 3493 5569 3962 870 6537
29 7849 8090 2550 2954 1772 4144 515 8913 9648 6550 135 1215 2262 3771 1914 6365 4623 4103 9162 8869 2277 2102 4176 442 5459 6358 1540 9782 5033
30 6430 5524 9117 9470 5377 4386 4983 2346 3625 3724 871 360 5963 2699 5817 8341 2283 3814 1 7285 6875 8735 9472 1669 5702 8247 6901 2268 8387 9958
27 6975 1191 656 3679 653 6304 7347 6312 9499 1849 8191 4992 9672 7831 3657 999 5651 4499 7716 2196 6801 6593 455 7991 9723 3403 5320
30 2870 2098 7205 4259 7244 6102 721 7910 888 3215 4888 8245 4689 1144 3034 3674 7700 7236 4191 1190 9171 867 6477 9364 809 2393 1798 1369 4254 2480
29 5254 1599 9957 4807 4239 1422 4784 9874 3225 7915 5496 3908 3315 6585 394 9455 3853 2695 985 4133 4863 9638 8789 3081 5391 8658 2031 126 7207
28 5832 7639 8903 9219 5308 289 9504 1245 8000 3865 1643 3058 4212 1701 5075 7238 4328 5631 2726 853 4102 9486 2483 1254 4479 8484 2985 1099
30 4611 5535 5756 5462 4415 2036 784 5863 5053 9870 4997 3277 9187 6665 6414 8713 8242 297 7103 2272 5164 410 137 349 3998 2627 1601 3633 8898 2423
29 820 1568 3693 2693 2614 2049 232 5228 8646 7483 1317 8628 384 5290 6182 153 8610 7898 6760 1803 6131 7469 5358 9620 1281 2329 8402 4014 4506
29 5482 6330 551 2169 9754 2166 2138 4975 2613 1897 4095 5096 1436 7288 3028 4855 5409 8200 5688 1955 742 4216 3861 1061 2095 2571 6755 6142 9418
28 701 4433 6168 7116 2701 2468 9585 9437 974 7727 1908 8855 7884 8254 1713 183 803 3432 3621 6043 7786 8102 9945 3352 7770 65 2850 1596
29 2584 2440 596 4660 7744 5082 5901 9898 3234 9921 1557 2548 5913 7104 3026 6629 5487 3327 7127 5362 1090 9206 7445 8084 4936 2779 8272 1136 4625
30 6507 9814 3551 4238 2876 1558 6379 2770 5457 2207 9274 7472 8222 4215 1507 9290 7836 9717 4056 9946 9663 29 880 2294 4360 1393 6988 3008 2007 1766
26 3353 1204 1365 2228 5181 2218 3272 4874 2788 9562 1723 7443 3449 7919 1830 6226 5741 1743 7098 7 1362 6986 692 1705 5513 6835
29 4891 4801 8128 8073 9408 4195 5542 8865 8328 1767 5879 1899 1524 9278 4288 6846 6607 2945 744 6863 7826 4245 3572 2953 1333 4913 5591 5204 2507
30 4182 2583 4951 7060 1390 6485 1131 5218 5274 465 5322 2062 6693 855 5265 5191 1606 3068 4787 7070 2361 6109 9950 6086 1305 7090 4552 6524 9995 9799
29 6198 4114 2156 687 5127 9772 9302 4350 3905 8483 525 6914 7645 7949 2967 9673 4750 6962 6083 5431 3357 3270 8449 7714 6366 6667 5780 6737 1185
28 3636 929 9104 9930 9150 1969 606 4524 6162 7455 7536 54 3454 3705 9002 8095 7834 2133 9083 4330 9333 7224 735 7094 9099 5507 7422 6511
28 3187 4581 6879 8356 4529 8663 8006 3486 8377 9854 8330 4290 5441 4343 895 6134 8764 5573 7943 5111 4041 7452 5380 4584 2712 2441 9697 8009
30 8450 7418 8502 8366 2604 6925 7769 35 365 177 7703 3262 2050 8899 189 5132 9359 5737 649 3329 7283 7506 3617 2934 3688 6325 3760 3931 1350 8114
27 3155 5944 6819 1152 504 8970 311 261 4652 70 8159 8455 4425 2893 3344 8139 8023 5750 7685 4536 6420 18 1237 5950 5960 8180 8311
29 8044 7606 9131 6459 1562 9494 3281 1549 5382 6287 3020 9458 2534 3514 4488 3418 8333 3419 4451 3428 6067 366 9623 9523 9208 31 6029 7654 9527
31 7674 2607 7448 4803 6275 1217 5348 1784 4465 5425 3742 9412 7377 6646 2165 1461 3137 8498 5174 4847 1286 1940 9357 142 9061 7220 1576 497 8928 8307 4361
29 9191 3145 1539 4773 9286 979 1076 6341 1433 358 7875 7935 4179 777 7310 7673 4557 9929 6571 1343 2356 9101 6797 9805 9244 451 3202 2134 4964
29 1826 2847 3575 9933 9175 952 6481 8754 6817 4758 5403 4293 8507 3629 9367 4851 4109 56 6045 4399 829 7971 1663 1628 4741 6415 2487 8879 6627
27 8078 2765 446 3417 167 3669 1420 1679 4679 4990 4873 3435 7712 1504 1122 3928 801 3638 1379 3342 2347 7339 8045 3450 6159 2099 6730
30 3216 7781 910 6003 8699 4018 8711 2591 8828 1007 4489 7108 9372 7308 2082 3108 5662 650 6759 3255 4731 6536 351 6248 8695 9045 1255 561 6843 8694
28 3873 9136 5136 2858 9836 3610 6622 7054 74 3176 7503 2382 1321 5135 7853 8370 5692 2164 1733 401 6903 1031 3752 2691 4346 9383 1946 6202
28 7782 94 1040 9304 4200 3242 5157 1657 204 7257 5404 865 7005 1771 7044 6530 4094 8113 6549 7193 2476 4336 3112 8708 9320 8317 3872 5044
31 9392 3075 726 5156 5128 9520 1913 2301 150 1882 7078 7462 5413 7334 4823 4132 877 2981 2741 6521 2975 1246 9783 1992 4558 3977 5629 6503 2041 4540 6121
28 9601 7511 5903 3694 1776 4694 9622 9725 7390 9056 881 7076 5259 6996 6904 8087 7353 5038 7632 8312 6144 6517 8770 4973 7246 6189 6173 5954
30 2038 2091 548 7929 5668 8910 6551 6902 9954 1693 5304 4892 8989 2657 6450 2060 2108 299 9534 9730 2871 5607 1989 2978 2812 8637 5593 4592 3530 2367
30 8598 3660 7794 314 7394 4006 6351 706 2298 4734 6328 6256 7767 6310 109 3806 7431 733 3895 303 9706 1582 9519 146 9335 3098 5805 3207 2814 9768
29 1813 6980 6888 3322 5940 4587 6731 6128 2194 6675 373 868 7432 2121 6508 2549 2888 6104 1950 8259 5061 1432 3990 312 9082 4437 8585 2809 9212
31 8103 2223 3562 2874 1148 780 7728 6616 2744 9660 4272 4564 2076 7989 4986 3894 3888 1456 4118 4742 2490 5094 7269 3002 2383 2533 3717 396 3349 7697 7540
29 9106 8299 4166 2557 5461 9139 3049 7988 9362 5434 4163 6252 8448 4511 1458 8990 2224 9981 3263 6349 7113 267 4362 1686 8100 1446 5736 8268 233
31 1134 2163 6319 3460 69 906 4248 4858 679 7541 3777 6037 2522 9964 799 7948 1439 1047 6628 5773 992 6896 6297 1162 5155 8788 1404 3451 8062 5681 3748
29 3766 3025 3656 6756 294 5126 7028 3984 8042 3398 9090 1585 709 6945 4312 3213 7994 1338 6199 9578 5328 543 7754 7517 6654 448 3218 503 694
29 8786 3179 49 8829 6313 1042 3079 4724 9733 9973 9012 6813 600 6544 4317 3677 4106 5672 6127 7825 6831 3591 8838 1374 1378 6921 2999 5635 4871
28 6570 8184 1896 7014 7516 2767 9462 7538 7240 8486 6188 4544 5811 1280 5720 9421 2226 834 2022 1273 1605 9722 9063 4510 9112 2907 5042 3531
29 207 6796 3312 9804 7232 3186 630 2853 8476 6069 4435 4456 6010 6006 2372 7758 1161 241 646 508 4208 8881 5243 5039 6011 2819 2902 2016 3767
30 7277 9445 2332 4169 2399 4966 684 8957 4621 2310 5146 3774 8889 1172 331 1188 3786 3370 193 2087 2402 6949 7814 1381 8633 6769 8554 7804 8774 98
32 3709 3832 7574 5938 2244 7742 5945 3847 8239 435 8036 4388 7847 2760 8832 3314 4546 2617 7893 8190 9674 5186 2941 3967 3843 5141 9608 2884 9633 3197 1533 7021
28 5014 3076 7251 2195 7383 5210 7412 7960 9491 230 4062 4021 5417 7663 5346 3129 1403 8866 7832 8 4939 9331 8179 3848 7970 8225 1665 3634
29 7678 306 1030 3579 3126 3623 5867 8111 4315 7693 7024 1837 636 3415 4862 8942 2889 9553 7433 3690 4668 5684 9374 5017 20 5734 3719 7806 1793
30 6261 3042 8472 8565 9039 2253 2339 5912 7866 4117 2001 1290 9793 527 2589 6433 9564 6621 4836 9345 7366 3924 4729 2374 2109 3208 1629 9580 2528 2863
31 2234 1466 3492 5555 2526 3050 6322 1412 3871 8645 4370 2260 4284 2877 7623 7493 9570 6518 3046 6827 4899 1324 9605 3447 2376 6833 3041 1550 8539 2804 4184
29 3016 5552 766 1014 2570 6283 9489 3541 8649 8289 8391 4591 8231 8384 1719 4934 1088 3193 7428 2598 3097 1514 6583 2964 251 9023 5543 824 7260
30 1579 7229 5008 5721 1976 1325 4227 1674 4089 3715 8025 1189 1158 5083 6178 5782 1170 7102 9292 2309 608 488 5995 4155 3219 7604 852 7926 946 4300
28 2139 3181 4088 4896 779 8549 1996 1944 9994 1039 5311 9871 5847 1103 6147 8759 2445 247 9875 3296 5449 1318 4490 6929 9398 1991 3529 3595
29 8858 5130 3937 9522 1175 6123 4221 4452 5278 2802 9839 1069 3795 4161 6483 1488 5958 2070 370 8525 3809 3338 5190 2778 7788 1486 9573 9410 7272
28 526 7539 4765 4327 2353 1430 6267 2433 6163 2061 594 8047 7237 2413 6706 903 6963 248 7624 7372 7182 6694 8940 4020 6041 8037 6038 4789
31 9151 8544 1833 8205 7694 1278 8063 7992 2106 6752 7111 4641 3166 6820 8857 3284 9279 3889 9681 9525 2521 2460 864 155 1570 1527 8520 9143 5918 7885 7417
31 5835 6227 6931 502 9984 6073 4082 5682 7751 3711 7304 6357 1329 8844 1097 143 7058 2527 6977 226 3473 1087 3597 8719 821 4608 4702 1288 4556 8683 9741
27 3922 1942 3772 8503 9079 4834 9856 1804 3821 1610 1749 8413 239 58 4471 5505 3319 4812 9337 2641 3689 4012 978 2749 3074 2620 9914
28 577 3704 416 40 8234 6753 1009 8251 5704 3110 1444 3356 4382 6338 8534 6712 7684 1043 7160 4073 6840 5341 9022 105 3906 4268 7315 9577
31 586 8453 7216 1491 7253 7109 5251 2569 690 2158 902 1083 83 3563 2416 3778 1146 8490 6119 6905 7040 4837 7051 5902 2655 8393 3459 5549 491 8132 7049
29 7138 8724 5595 8431 2755 8714 5744 2771 1064 7097 161 8335 6993 5027 5775 7221 5272 535 4233 4772 897 7101 4705 8306 9517 103 1672 4685 2980
31 719 601 6785 8592 7864 2323 208 590 2331 8528 4542 886 8815 6018 6137 9959 6100 1832 8837 8082 1291 8795 3969 8806 9305 1841 9277 843 4890 4767 6576
31 5266 3581 6214 6093 350 9967 3318 1917 2142 3340 5222 4728 8437 5890 6951 7077 1662 6453 5590 8702 244 1844 3658 8962 1714 6136 3583 3161 9349 1690 582
26 681 6096 6791 5846 4458 3811 3122 8050 5390 2538 4243 6948 3199 4157 9283 1511 1073 4686 3933 4620 7252 3045 6783 3024 6217 5273
27 835 6885 2198 1956 3643 7976 2137 792 7441 4044 4158 1435 6454 2316 5808 6175 2216 2270 148 1775 770 2545 5819 8218 5372 3540 9204
27 4119 2517 3681 3987 8204 8954 2129 1485 4055 4822 4375 6581 9389 5716 4421 3837 5393 3973 4206 8676 1372 8818 5386 9828 5432 4605 8019
28 8346 698 1186 5895 2815 3757 2058 9745 1098 1671 4665 3273 9651 1661 5214 9276 4054 2246 1164 5858 160 1497 3163 8810 617 7772 5851 7502
30 3060 405 6595 2971 6237 4192 3443 3326 5223 1477 8988 7776 1163 1933 6941 5015 2739 3287 6884 3824 9867 5444 6937 7140 9813 8110 5650 3697 5717 1868
30 3491 2381 552 667 3954 5020 4627 5742 7317 8700 9363 7863 4100 7001 2171 751 9430 131 7591 3261 4405 5893 5364 9193 3841 892 5215 8270 6898 9604
29 9435 8590 563 6382 837 7022 4377 4880 7401 8499 3553 5830 430 9334 9390 2034 8319 4143 761 3999 7057 8382 5180 7052 2398 5231 467 7194 7652
29 3387 9213 7329 7351 5713 6985 745 7880 5159 3989 3402 8552 2878 1929 1498 5947 2225 3961 4780 3089 4225 6047 7895 3948 6356 5787 1916 4135 4747
29 4935 8152 4099 6410 4739 899 4472 1777 2071 532 5550 6456 9280 7588 5718 7558 9469 2299 7314 8692 5203 293 876 5091 6784 3148 6626 4418 9600
29 9053 9890 6347 928 9966 8584 3091 8897 6218 4413 3313 9529 1880 2314 4943 1054 2290 5989 8304 46 3564 3523 3521 6289 651 9710 3652 1522 3642
31 327 3902 5241 8481 9128 4126 5671 1004 6419 3185 2892 5142 203 6927 1128 3585 2970 7888 3571 5212 8230 4606 5143 1827 6661 6324 9001 2616 8187 3159 1637
27 4974 5583 6871 7986 4636 9909 9078 9006 5781 3515 8605 1761 1142 611 9659 7410 6528 8340 8738 5765 113 8058 1509 5256 6821 7153 7326
28 8995 4501 8027 6936 2395 4788 9184 3882 597 4497 76 225 6345 5114 6106 3884 8054 122 707 1982 5381 3559 2559 1474 7856 7801 9403 9969
31 4764 4796 9441 108 8438 7416 1923 8410 8423 8627 6329 9690 9857 9179 8142 1667 1457 14 8758 3378 3549 9396 9834 1208 8326 1112 1580 9134 4561 5029 1911
27 8141 7851 3720 7015 7458 9397 6464 3348 6978 3320 6893 2044 1870 6375 5443 1886 5252 6958 1400 3017 8173 6281 7601 1947 1263 5621 511
28 9371 9992 2205 9385 7579 7715 7375 7227 22 2415 5429 4882 9249 6780 8842 6398 1887 6877 6853 763 8059 3739 4296 4105 3406 3072 6498 9556
26 9189 8545 1437 8566 8261 593 9540 8264 6553 9153 4201 1206 3686 989 6837 1272 2663 4868 4886 7627 622 6619 8197 9423 8619 4978
28 2182 4797 5815 6563 171 1854 1735 6236 1307 5906 6976 2606 5840 6591 2949 64 2128 9641 672 4007 6391 1506 7048 3111 192 1615 1313 711
28 78 4805 8170 1700 3391 408 8093 9583 5301 4792 8153 3631 3456 2645 210 9196 1173 8519 4404 6020 4932 2875 464 7508 4895 4674 265 519
26 4071 352 4067 6407 1907 4942 541 689 5133 3925 7423 2276 1046 4332 9483 6807 1450 2974 8930 7920 7905 3478 3527 5685 9645 5674
29 9670 5455 482 256 3867 3150 6657 5125 6979 1871 3850 5584 4582 7701 8601 4424 4051 6039 268 3012 727 242 9819 9582 7677 7008 6842 4364 2103
26 660 4632 8120 1600 605 8798 2738 4938 4483 5578 7059 3879 8140 4146 5013 3125 5468 6019 8359 9468 823 754 4646 882 1327 7775
30 7883 7720 5069 4870 2135 8266 9803 5784 841 4736 1096 9815 359 7589 918 7844 5646 3574 5003 9779 1180 1077 6467 5709 5560 2866 3668 3826 2587 2107
27 7653 1492 8971 8464 3744 6255 5706 5010 87 6268 4732 322 9414 3723 5485 1645 424 2898 4154 5814 3994 1716 3014 574 9866 9404 1111
29 8424 2191 9635 5112 2860 3275 173 793 4363 4130 2610 1459 5664 3441 6540 5924 7803 4541 4016 6568 3561 4624 2732 6688 7738 3328 6094 2936 9784
32 3440 1187 5532 26 9416 4009 813 8679 1012 685 5700 7955 4857 1002 5661 9068 8883 7265 1382 3499 2379 1720 6555 3093 3593 9036 1878 8533 9347 8374 4526 3386
31 2758 5160 1060 6992 874 1197 5313 3537 2673 499 2542 6385 753 8813 6368 3893 178 6072 5531 5389 1006 6934 5663 8126 8706 8777 3938 3355 7861 4708 2288
28 4189 1512 6765 5534 5182 6966 5683 6295 7755 8912 7243 2178 9906 4090 1726 4072 5880 7210 9920 7640 959 1687 4265 5337 2478 4841 8771 2217
30 1577 7030 9075 4535 2578 4393 3033 3513 9457 2318 4241 521 1988 5200 8334 1145 6998 3927 6649 7961 6247 2628 542 9948 889 6002 8792 4354 2952 2894
29 9014 9443 5334 6258 9073 8277 740 662 7660 5900 2931 9908 1034 2463 1853 3672 5040 1224 7225 549 4253 8474 1900 5812 6153 8891 7474 5410 4576
28 9168 5325 1468 5794 7151 8937 4069 4478 9619 1310 5238 6707 2389 1056 4371 9823 716 8973 5625 728 4000 2079 737 2510 9164 1184 2956 3232
28 8980 4447 9913 5914 170 8445 5714 3335 6764 6630 3791 4028 1698 4601 1774 9609 7212 5447 4752 6775 9269 5363 5319 1874 262 6673 7854 4659
32 5876 5260 8644 1893 417 422 5797 5351 7896 8517 6296 3364 9728 609 5122 1866 1876 2653 2447 8186 2208 1561 346 1110 695 4008 5725 1634 9904 4422 341 5211
29 1048 6897 7402 4311 1448 8500 6286 794 2179 6097 2028 7068 4667 2790 8149 5540 6492 302 2684 2259 5602 1284 5715 8188 3510 6059 5618 1399 7559
27 4052 626 7611 8327 6444 738 6167 7592 6523 332 5279 2825 1962 6749 700 8999 3184 4911 7241 3736 269 5011 7360 1594 6012 1697 9837
28 2417 1424 8851 9811 5829 15 5435 9975 9149 7135 4921 798 7247 1294 9729 4700 3231 2420 9516 8612 9684 8010 8556 2990 3959 5774 518 2388
29 3875 90 9756 5696 7482 7637 9599 2674 425 5763 1852 1861 2643 9216 412 7276 6448 6223 3113 6678 1729 364 4342 1877 9576 7478 1027 7996 722
28 7937 7487 7358 460 5460 6520 3703 308 3299 1081 5055 6918 3453 6082 7739 9232 9297 2492 4604 3738 2240 5932 2282 1209 205 9161 5227 6632
32 152 1038 1021 6474 663 5307 3205 3520 7993 3388 8325 4281 9677 9739 8963 4633 2237 8051 8867 595 8367 6604 3787 284 8323 6339 486 8244 3289 6960 6546 2451
29 5046 2202 5908 7230 3557 6868 43 1730 9126 8089 2913 1262 5833 6426 369 3409 5825 6964 1757 2816 3200 1183 5599 6832 1939 9927 3474 7978 1177
27 7324 5939 6640 6092 9702 6912 6658 9133 3167 1431 3298 4906 6388 9796 7795 6512 5617 3414 2458 1388 3309 7501 6569 9759 2448 9358 6279
31 3448 7901 3991 1140 2037 9263 6292 456 6747 5802 6800 1889 6434 55 5427 6741 9344 2187 2419 8480 7027 3751 1463 423 7967 4287 2093 6303 1150 7555 2854
28 7576 1925 2890 4769 7323 9115 2439 9795 9808 6690 2100 1003 7321 2615 3211 2219 3805 8643 3445 658 3358 4267 374 517 9613 2143 3857 4915
27 2922 5645 3128 4091 5751 9382 5102 8176 6393 7680 3078 9664 1126 729 4120 492 1117 8587 483 9386 5888 3469 732 8043 6008 5418 4171
26 5057 9887 3630 3201 5456 220 5446 8793 5045 5064 140 6187 2730 2220 2278 645 5098 9530 6381 9265 7687 5686 4798 12 1875 7364
28 9180 6257 8927 6032 5896 7065 1541 6230 6715 9976 9127 1960 4919 7692 5746 8401 9596 2700 1084 1065 6194 8344 752 5538 2537 6311 7997 2565
29 8709 286 2152 6509 5258 555 185 7561 1603 1248 2891 4410 3828 8422 4113 6180 588 4763 2127 3115 6089 5019 826 4746 196 4600 9971 1212 3116
30 6190 3533 5898 8885 9621 215 7259 7800 4134 1028 7664 9526 7766 6719 7696 5767 1114 1673 1231 8056 4770 2605 3626 3910 485 7463 7951 120 9873 5255
30 1574 3209 2241 61 3953 5724 2167 4313 6215 9531 5749 7672 6213 6878 8761 6321 418 1858 1702 179 2073 9550 9348 2491 1626 8895 7729 3305 3554 9997
28 570 9498 3027 2140 3845 81 2337 8004 2457 3863 545 8956 9160 5152 6439 2462 5056 5495 6087 5871 7391 8772 9074 8409 4698 6235 212 9895
26 6603 4392 3316 4034 1462 9329 3170 2846 1269 6705 2887 1972 2903 3096 4756 2111 6946 9597 9102 3726 4485 8648 4631 1428 5970 1397
28 3831 4107 5195 8875 4976 7286 1487 6652 4003 1792 8260 9993 5428 5993 1856 6743 2951 1763 2319 875 7504 9775 8888 5120 2261 7223 936 3436
30 6423 8440 8297 6117 7528 1787 5670 7927 5074 9260 5951 39 5974 947 9876 3301 2740 5464 9726 9644 1234 7827 4613 9881 8515 2718 2572 2291 4339 7492
28 9413 5147 7115 2715 8083 6869 5229 2838 3439 7916 4638 8859 5281 6811 5072 9616 449 756 8495 6589 5626 4075 5232 9900 3345 1559 6088 8232
28 3590 1271 1407 5109 6922 7974 883 5760 4785 3797 6674 4835 7509 2800 3401 1496 9169 7143 1252 7211 3862 1966 6478 2104 4412 9463 7921 9192
27 1959 1817 2442 1410 3907 397 2868 8263 111 8894 2153 2408 6721 866 5373 4656 6050 500 1116 2932 1617 699 6534 7152 677 9152 9827
29 6197 6668 3899 130 1267 7679 1865 2435 8728 7614 4844 5106 683 2761 8630 1783 7676 5357 9676 2696 1157 6116 5792 2434 218 1227 6513 7655 7577
26 175 9038 2524 1398 9719 8569 3427 2624 3229 3986 5488 7620 4918 1598 4525 5419 9749 1230 725 8951 4319 5764 8712 2008 2532 5561
30 1711 1125 8678 2512 2756 2085 1236 9546 107 9990 110 5904 6318 1915 8512 1418 1706 3616 830 2792 8271 5853 5338 7303 6858 5677 616 5092 7568 1666
28 8220 773 8227 9797 3518 4573 4307 6361 8469 8013 7039 9057 3849 6026 4351 2326 4492 8313 7357 3566 668 1274 9569 7972 4138 5678 6564 2994
28 7148 6687 4808 6234 9273 5086 6746 8012 9892 3780 8974 1256 1564 3416 3812 9060 6380 2708 4406 7023 8703 4211 6290 7998 3909 2904 1211 3375
26 6392 280 6610 3333 6150 4391 7488 8285 4083 8206 4504 4869 1695 2743 7586 367 8707 7064 8161 9926 5710 3542 4320 9705 3758 9643
28 6229 839 2836 8547 3139 4817 4730 80 1121 8150 2097 1754 5198 2560 2251 2466 9046 5498 3714 7940 2461 7892 7734 4196 4517 2516 8240 2681
25 9488 4397 7173 5116 1239 1282 9456 4950 8840 5121 1708 5770 9233 1963 5827 4059 2702 1901 129 9849 2285 7125 8682 3769 4678
28 1999 9764 1712 4909 1737 4408 8257 5506 5406 7330 3743 4515 8332 8329 2872 9893 4706 5078 9137 6196 9691 8433 4593 3649 7166 3816 8583 1778
29 5959 9960 4057 6864 9817 8418 8564 250 3544 6276 8318 2946 3360 7612 1094 758 8960 9624 2625 5179 9639 2575 607 8555 7280 2959 9829 3444 1199
27 4753 3775 5740 1809 3442 4677 3300 141 9178 8224 9087 5803 2984 5067 4676 6953 9426 307 3029 7686 8202 7520 181 6495 5375 5877 3504
31 5500 476 4318 2350 3009 2519 7299 8001 5090 7415 5175 5124 1935 8826 7702 2185 2256 5199 4865 9017 9985 3475 6165 6066 9201 9034 8935 5729 2969 1791 973
29 5465 5336 9236 3950 2841 7086 8790 6389 7163 8238 9835 8296 2923 9081 5581 4902 5539 3325 4842 3788 7434 6636 3374 1337 6408 4995 4827 6639 7341
28 5777 3632 2000 4957 3671 8293 9407 8463 1895 2183 8147 9332 8536 198 6873 1535 4438 1581 326 4663 9298 4242 8716 1017 3157 624 869 2497
29 6812 1824 534 6664 676 8439 7176 2258 8577 437 893 5440 2355 6024 7298 669 6111 6403 1845 6270 5165 7657 4209 5719 8535 2731 9991 5779 3818
29 5371 4830 1734 7979 3682 4476 7381 7526 5376 943 6711 9917 5998 428 965 4819 5810 5246 9316 1335 136 3725 9514 4850 566 3274 7029 3366 9163
30 2921 6613 7047 5889 7191 879 7668 5079 8506 6572 8652 7706 8611 2577 7043 1063 1819 2292 5415 847 2750 7904 4427 898 1454 7746 8750 6371 9838 9932
28 389 724 9243 7496 5247 1597 4005 2375 3647 8783 1259 7032 2148 8639 8650 7053 7155 1640 8379 5891 5321 4173 6241 5101 2211 5430 2059 2623
31 2822 9742 3929 8134 8625 8193 4314 4486 8620 9986 1032 1516 1402 9618 6176 1452 278 3599 4164 1941 3776 7403 469 1331 7799 8823 6818 5526 6157 8351 5454
27 4768 7175 1779 4560 9590 1521 3040 4017 1118 8677 6999 2033 2973 7924 2130 4893 4261 6682 7255 1041 4449 4150 7119 1765 4680 9188 9343
28 4466 3482 4503 2003 5574 73 3090 36 6567 5350 8976 3124 2576 3271 8031 3869 9487 4894 3965 7017 2856 1546 9065 4271 4274 8978 8265 7527
28 4078 804 8406 7183 3350 9428 3346 6036 6874 7629 6989 2116 7157 9185 1409 7124 7546 5331 8827 4670 8301 3223 2729 235 1943 7002 3901 2494
32 1717 7382 7793 4068 961 8820 1681 971 3528 7748 4931 5297 1395 7941 9736 4598 7587 9598 5187 4704 6336 4826 9614 5979 5656 4484 1718 1682 6660 9474 9650 1298
29 3123 3856 6890 3914 7295 629 795 6710 134 1354 7765 8917 7213 5438 7973 1392 802 2727 9998 5139 8809 2089 9508 8203 581 1015 8353 5991 6172
28 5634 3169 2263 8613 4084 6554 1344 8581 468 5856 199 6449 2900 9448 5202 8860 3204 9567 9016 1357 4810 6926 8902 5582 7930 1270 8216 8696
26 6042 2830 4989 271 9559 5436 8727 2908 8642 1074 7195 5689 1406 2982 6323 9551 6900 3915 6071 9449 6501 6040 7121 1820 953 5240
29 602 3104 3258 3921 3582 7519 6280 9565 4251 7405 8477 715 5480 5332 7290 533 8129 8310 1741 9473 2515 6081 7818 3224 9667 9947 8024 2781 3876
31 8946 7297 8177 8797 3462 5226 3292 5693 9055 3243 3887 2558 9368 584 8482 9207 1451 2287 2564 6689 4618 8086 1008 9048 4462 8160 7618 8068 5667 4963 5638
30 1572 9692 8166 4279 9268 610 4358 8154 1555 1011 9110 2412 7312 3003 8882 9400 6079 8155 1710 2997 5563 5933 2588 4039 7289 509 3421 3956 8479 6148
28 138 6425 5031 3306 3992 4309 9315 3429 2280 3507 4547 5073 9763 4277 8175 5484 6343 7262 4159 8091 2438 942 5402 9912 5926 7934 9607 4539
30 7662 27 1067 2736 9974 7185 7872 4385 9658 472 6856 4127 5137 7300 3382 2010 95 4538 2231 8116 1903 7550 2035 8863 7659 1869 2257 240 2925 1993
30 1408 1573 8026 3598 60 6348 1055 6359 4444 6795 4833 6224 1371 9792 2204 8578 3639 1195 3371 6314 8021 5172 3577 3426 7644 3547 2848 5845 2215 8799
28 9543 2496 6151 2469 6556 9147 3741 6212 8687 9883 4431 8907 6367 4603 245 5546 3740 8684 2473 8822 4198 885 5184 121 3796 1295 3038 7688
29 9049 9360 3701 7982 2048 7436 2609 674 4174 7743 1228 4136 9250 6892 264 3250 6204 8034 8291 9512 6034 3230 2199 2991 1396 575 6161 8443 6787
28 7995 188 2012 4400 8766 6411 9943 8812 4500 5547 9029 115 9844 3446 1068 8276 8321 3031 4846 6641 8998 1731 8527 717 5032 2123 1851 411
29 8172 7642 6497 5917 2252 8765 393 3587 8641 5028 4178 123 5600 5048 4368 4335 3650 2181 1656 6685 5421 3206 1232 6751 3239 4291 7900 119 7063
29 7633 1425 8017 5349 229 4867 2642 9380 7597 5474 8253 292 8686 1936 5732 2193 4693 7365 1624 3900 7137 9108 8685 7730 9863 1022 2400 2213 2630
27 2265 846 5077 6961 9484 1740 8968 4341 7670 4945 5442 6206 6915 5006 7763 52 2333 1563 5271 6243 8287 5286 4884 9148 9916 3381 9558
30 9111 436 9361 1860 4926 9629 8834 2531 2322 219 9420 2763 5701 5108 580 917 2387 1341 9480 9944 2861 7198 6158 5316 149 7542 8305 1473 1738 697
25 9988 4949 3119 544 4436 873 6618 3151 1411 5568 546 5291 954 6670 4549 2047 2723 3732 2831 3538 459 3687 5870 5216 5987
27 5798 8432 9891 3707 7773 3783 4394 4953 6872 6171 7873 237 9824 1453 5026 5081 1652 2665 3749 8521 4848 6053 8736 9535 5859 6561 8909
28 2209 377 7397 1520 9640 9165 385 9880 4247 9376 1166 5834 3622 6337 4551 7184 2593 8158 8921 3372 6023 2773 7055 2896 399 5276 7424 6596
27 3815 2335 6155 8936 9097 1547 2021 4264 1668 3035 5169 3834 6486 1721 8348 3400 904 2690 5458 5866 3307 3154 2046 7413 390 2481 6055
30 6669 5049 227 5472 8324 462 8651 9223 9182 5861 2835 3670 7007 8020 2342 7126 5643 3376 8429 1748 4725 5414 8163 8852 1108 9962 3457 8070 845 2659
27 1179 6130 1752 9695 9685 3410 304 4183 5759 9240 3675 2373 642 8666 1873 7271 3535 1910 807 5623 3673 5300 1347 41 2467 1315 6479
26 3883 4662 8870 8003 2145 9752 1165 1342 7869 6015 9173 8769 3136 522 7018 8497 7563 9237 7446 8136 9602 7602 9642 6397 4897 7187
29 187 9351 5703 1348 7120 6030 931 221 5916 1932 2562 7450 3825 3955 3246 4011 66 5394 2910 4595 176 1384 9379 7512 4366 8782 8487 9918 6065
29 2734 7320 8121 7871 9459 1608 1264 4096 5580 6369 8235 8904 3835 9689 5405 2465 568 3897 5037 7425 9693 6608 9313 8763 9170 9563 2915 2968 9255
30 9888 6982 5324 8778 1024 8701 2359 7944 8256 2303 3545 9910 8967 4295 6129 9800 7171 1927 9587 3880 4879 5630 6662 5025 2553 9221 5536 24 8945 7886
29 1386 9850 3302 2506 2768 5224 320 420 6084 8055 5647 9051 6386 339 7130 8780 1057 324 3754 1101 3509 2443 4907 9865 1119 4735 6883 7178 7010
29 4115 1691 7421 3932 2186 7621 7117 3195 4446 7950 6997 8604 7549 5962 9326 4614 263 9647 1684 6193 6923 9146 1297 4681 4984 427 4998 9724 7690
28 4523 3265 9200 968 2147 6766 1243 4672 4831 9093 1724 9300 9501 6399 4213 5594 7829 7975 2271 2580 5620 757 8632 37 4877 8830 282 3071
31 9861 8504 6200 479 4219 6211 4093 5587 6562 2960 4204 7811 9222 3010 628 2348 6075 5541 7823 6792 5335 7547 1922 8157 6273 1951 8117 166 7174 4635 2338
29 5262 7787 6482 5483 1890 9721 8375 4550 2233 8123 4140 2986 4428 1352 3753 1536 3960 5060 9429 8662 8785 3087 7658 5728 8567 749 4590 4256 537
27 934 2351 7581 1049 2144 5201 9172 8274 9548 4168 8824 5691 664 234 112 583 2227 490 3394 5722 4569 6799 4927 573 6271 2386 5453
31 3423 1831 6265 2459 1465 589 8320 402 2536 8541 2552 2011 8931 1489 8094 4829 9712 2475 5295 1732 5927 7959 6372 7254 2317 8104 8542 8979 8959 3059 470
30 6950 8364 1842 6463 2965 2236 4703 4273 9044 5277 413 3603 4565 5219 8864 7725 9050 8773 2113 3244 3466 8452 6122 708 8243 8749 2088 6496 8470 7162
26 395 523 5511 850 3177 4639 1593 5639 5570 2511 2629 1630 5905 9411 9716 1977 7570 6232 6525 8275 11 7583 652 8596 6240 9982
28 4077 9288 498 9592 2212 908 6866 7392 6331 2243 3431 8892 1796 8925 9091 8373 9419 5554 9911 6004 1475 3165 3066 2721 9698 4793 7066 9941
32 6440 7318 7760 5245 7636 2430 1604 7239 2334 2064 2689 8602 8808 3490 8337 603 5220 3437 1567 1848 478 7373 3282 162 2363 8647 2250 4571 1937 9071 7608 969
26 2368 2648 3361 2933 9190 8072 132 3858 3802 9919 6552 6352 7346 3463 4240 5614 2026 2650 1332 8923 5085 818 638 4237 8412 1651
29 8097 4349 1805 1442 4655 1133 7467 1888 3654 9442 4124 7400 4612 6298 9902 3896 6924 3293 3222 2192 562 5145 3699 6103 787 5907 6266 4345 8314
27 4616 1035 810 6889 4715 1016 7203 956 1802 1132 3608 353 529 3695 6772 5565 9103 1931 347 4528 8428 5873 6335 5527 4947 2349 1773
28 7584 6152 3471 7449 432 9980 4323 800 9425 3487 8668 8623 2020 7846 6044 5577 3576 6965 3852 5099 9843 5872 6659 9713 2308 5928 8819 6441
32 102 7855 3878 702 2769 3405 3733 7016 8609 4692 1725 925 2909 9979 8616 8248 8886 2869 407 3359 2029 7573 5288 5283 4537 661 1728 9679 5471 9767 2829 8805
28 3511 2090 6046 8273 7667 8634 2762 106 9231 8944 1092 3392 3290 2004 3061 1894 2658 2174 9239 2787 4744 3133 7480 8672 4682 5317 5470 6599
30 7427 7186 5966 8049 5520 8462 6099 4048 4889 5407 2867 8347 7990 5367 3054 4177 2979 3971 8269 5920 2733 3497 7594 4409 7523 5196 2911 2556 1235 6090
26 1109 3247 5886 16 3291 1283 184 5878 3784 9760 644 1303 9118 3747 7200 386 5131 4357 2742 7085 8065 4908 730 4224 6542 1990
28 8725 4469 8983 477 7367 8884 7361 3556 356 2055 4687 7056 6291 8787 5982 5242 7476 8817 2081 6805 6101 3586 1181 5548 4548 966 5836 6207
29 4398 5967 8586 7707 1025 1138 4969 8518 5235 7190 4374 741 4402 863 1517 9757 6861 3085 4653 8524 9062 9536 3706 3661 7810 6823 3957 7747 4131
28 5604 4980 8934 5129 6748 7625 6027 6643 7489 5312 2176 5035 6648 7459 9381 9666 1613 7813 7350 3550 3935 6080 195 5294 621 8893 3970 3870
30 9141 1312 1909 3844 3680 8281 3644 2247 9554 7038 5023 7284 2647 1934 6063 1494 8908 3799 1632 6739 8198 5697 1476 4968 2284 5359 6327 9422 9841 6614
28 1788 8125 5113 3259 571 5883 7777 8322 9203 7522 8350 3926 9010 5800 6611 3567 1346 2118 5977 9125 3874 9205 4326 8219 796 6633 9860 3952
29 666 553 3339 7279 2633 5144 2154 8572 2266 5168 3648 4898 6862 6849 8435 5839 2300 635 7500 1336 9758 8457 3624 2025 5615 2567 287 2957 5065
28 3516 5467 736 4710 2801 7513 5739 3304 2083 3546 8755 9490 2546 5695 633 8133 7879 4301 7599 139 7562 8169 2063 2311 5849 2670 7399 5666
29 8267 5941 1818 817 6718 9537 5596 2161 431 569 7554 3923 2056 1137 4839 2245 4070 8107 9401 6984 4709 7263 9450 4042 6533 4197 5021 6656 3082
30 1641 7918 3640 3064 1421 238 4514 9439 1836 4289 1082 8760 7267 228 3251 2666 7033 3605 9427 8041 8674 6373 7736 4210 948 2938 4981 8236 9109 647
28 3153 23 5528 8624 5999 5949 4302 174 9451 1242 5366 4818 9809 9287 4226 5268 5642 5422 524 774 8729 4463 2302 4531 1881 340 6955 7368
30 9058 4661 2713 7380 8906 919 147 4356 1797 392 3506 9092 2390 6457 557 3920 5731 2407 7079 8997 9807 6468 4445 8427 6782 3943 4811 4461 4235 6906
28 4065 2698 1339 5942 9735 4156 1639 939 4589 5502 1218 7753 9497 1261 5606 4148 9409 884 3056 8138 8048 5250 3257 2177 9253 6305 7837 4594
31 8551 8730 1768 7638 7020 2664 7870 9395 9415 1219 5119 9500 300 9311 861 5477 2206 8336 6120 6736 7507 6514 7266 2619 5624 6260 6201 4695 6722 8360 2504
29 3592 2086 2330 1822 4152 5610 4566 252 2919 4684 7531 7429 7740 7114 984 86 6306 4648 6967 7325 6880 6733 6355 4038 7551 4615 7553 9015 3517
30 4904 4260 4794 4214 7798 2914 7721 1592 3480 8638 7784 8258 7466 6098 2686 8135 7378 8029 4299 1823 4464 1984 8101 614 2072 7713 5285 4775 2582 333
29 7609 8657 5564 5516 3455 3267 6105 93 5556 1609 6472 7407 67 2977 8814 1636 8168 1376 7189 9611 9009 7530 7204 8929 3369 7050 5609 4832 6246
29 8849 9740 3833 6402 1059 7603 6794 6007 2450 530 9308 6210 5699 2495 6174 5972 7779 1225 812 6957 944 1979 520 7461 4255 8803 1010 2786 6301
26 3425 8669 9868 7894 5263 5868 941 243 6708 5533 4147 680 2540 5622 9021 9709 72 5929 5089 3823 50 3713 7521 2444 8964 7590
28 1753 7704 2813 4217 9123 4355 9961 1368 6186 8040 9375 1799 2998 2944 7099 2581 7206 2488 6691 7226 7454 4324 7619 5009 5813 4872 7322 4275
28 3256 6597 2418 1417 6278 8933 7840 8005 576 1233 6651 8035 6272 4128 4112 2043 9653 3822 8208 1902 9789 9181 4450 2170 587 9731 8167 819
27 1764 2793 2482 273 5448 473 743 3069 4040 7906 8144 5162 5450 1358 3102 8757 8563 9897 5807 765 1782 7197 6907 253 9080 7362 5823
30 4960 8607 5149 5545 6284 4250 4495 4597 9310 1620 9254 995 1460 3635 3390 3152 4814 1654 6476 7083 2172 6825 2162 8985 7074 4061 426 4683 224 2254
28 42 994 9591 4937 1053 8697 1677 1151 1707 4640 3254 4032 8939 8345 6208 6220 9560 7217 4498 7398 2222 6592 9905 2927 860 3522 8514 5690
28 1587 9662 4751 1100 6177 9258 5619 9107 3770 9818 9593 2780 6471 1171 981 4149 5154 9174 3142 8397 6645 8411 7073 8192 5936 9586 7903 9510
26 9328 528 8833 443 930 5850 5862 7651 4533 3975 5451 6060 2671 6166 9040 4738 6195 9230 6458 2159 9631 4790 9025 4840 8574 6625
30 493 9718 3972 7922 3331 1715 2677 216 2242 1821 2989 1226 6954 9365 4420 3180 1840 2568 507 923 1850 9493 1953 8690 1957 7396 8880 8105 7294 6405
29 9159 7179 4507 9785 2966 6016 2710 2748 3803 5757 5976 3336 3146 7785 1102 1401 5956 5248 4534 6527 3666 1334 988 2160 7505 3354 321 5551 6413
28 6781 2996 6729 2599 7790 3881 1414 2499 550 5508 9654 2685 8038 1413 9810 9140 5957 3162 3245 2366 8508 8451 7128 6251 5747 937 8092 2661
26 9282 8207 2916 5612 9907 3722 6437 9186 9220 8794 7275 1919 6735 8109 6438 211 3615 4991 6894 9715 1311 3727 6360 2273 9330 7936
28 5354 3765 487 6910 6876 9242 4282 8911 6300 5355 5514 6183 9007 3584 2882 7515 9734 4596 7964 4972 3793 9610 1857 1786 5633 9505 6264 9700
27 3183 7136 9246 1196 3005 8471 8991 9238 3489 565 9035 6773 6612 3568 4414 4838 5899 7168 9226 1355 9399 372 6022 5110 9748 1106 3810
31 2378 7337 5209 4650 4622 4933 6049 6395 2728 4457 7419 8862 310 5874 1308 713 3886 3004 2754 6777 4854 6259 1529 2392 6887 2214 1316 1071 2594 6647 7649
27 2711 5952 598 8237 3238 1198 5296 2707 8689 7352 6510 5848 4925 9552 7556 2697 6326 1265 4786 6383 9114 4651 1479 8994 3057 8151 6017
29 9714 6770 6294 5675 4 1220 2279 3804 1998 2541 6277 8067 7928 5497 4218 3801 7681 9295 2453 8403 6219 9275 5518 8836 7457 3993 1801 3472 2149
29 8595 1364 5134 3524 8693 4887 8756 3103 8292 4885 2654 2928 223 4081 8279 7069 2972 4654 6307 9142 7302 2669 5234 7524 5261 4580 4643 764 7348
28 6845 1062 9492 7026 6681 8178 8488 6793 8993 9634 4941 911 2818 5909 9355 6991 8217 538 3569 3052 9938 1155 5305 4369 2523 5257 6732 8618
27 7245 3235 1066 3735 2352 8381 9183 926 290 7409 4047 7560 4074 7491 9122 6384 17 6054 3395 8467 1912 7354 1518 7858 8060 7966 8816
28 8407 8468 2649 3278 1961 343 4231 3830 6559 619 2725 1867 5852 8371 337 4815 6940 755 9511 1510 4859 8922 8510 2269 8061 3985 9847 9770
27 4141 9727 89 2963 338 6125 5368 6057 1253 1304 5530 4401 8734 510 4713 585 8982 7881 5123 9195 2688 3750 8302 2885 8077 8640 3808
28 9858 5503 3383 8745 6790 5416 1095 4487 4545 4588 323 5964 9466 7532 4417 6742 4027 8900 2592 6064 201 1107 783 2197 3988 4380 7764 6806
31 13 6557 8523 4481 4717 4186 2775 9356 3651 4004 5523 3144 1493 8691 6684 8675 5299 4970 1013 1523 967 6803 8361 206 5776 5996 77 9041 951 5284 5723
27 2600 4494 4390 1751 5669 2239 7144 9825 6522 6470 9314 6697 2040 2842 2817 4258 2692 6249 5605 1078 1481 6541 7342 8002 3120 5050 496
28 7822 3665 288 3620 1795 3836 5637 1299 1759 2955 7328 9072 6728 5761 1530 9424 6726 2425 2173 7963 9341 2377 3498 4993 5275 8953 9444 7471
27 4759 9336 1205 9806 2555 5051 6221 2794 4630 4900 1694 6460 9303 1314 7012 9830 6400 4475 19 1696 9603 1633 4961 9894 9869 4791 977
27 3363 7708 191 9019 9790 1229 3854 2489 848 878 7525 4658 8509 8338 3458 4843 325 9922 1075 8664 6679 9637 3614 1361 9438 362 531
29 654 5613 8781 4480 9033 7430 6634 7369 3500 3212 5793 9247 7072 4045 9877 9630 887 842 4372 776 433 9649 8905 4468 6761 7741 1607 2585 7134
27 3117 3827 8977 1926 9515 3411 2391 2687 7202 6847 5192 9821 6025 9 5104 6653 8196 4924 8380 1019 5140 5521 4688 8195 6320 6587 2084
29 3384 7096 6959 9632 1178 1257 7719 2313 4229 5659 972 7282 2720 6192 1135 6362 2798 6724 4389 4806 945 2471 4121 3996 6713 6573 8784 5007 1289
25 5233 4122 1037 5298 7177 4553 1770 5084 4520 7345 5411 5330 2006 9323 4453 3248 1296 5743 8485 7595 4666 7968 6776 6663 6588
30 2150 9822 8698 8543 6928 8950 1855 53 7878 8460 8316 6666 3055 5766 8938 7962 4761 6432 5205 5463 9026 118 9306 4505 859 1975 3168 9094 6598 9346
27 3190 2146 9166 5997 9612 3283 3731 9394 9495 409 833 1825 5828 1621 8796 8283 2432 3790 6505 3178 3864 2566 6 547 1079 9544 900
30 4852 9031 2069 1862 9454 9322 7952 8201 8478 4194 8493 7484 1548 9218 4423 2845 8355 8221 3552 3408 4023 5641 6401 4849 8622 6838 415 3226 6650 1864
29 3233 6154 9251 6620 2358 2429 1222 4745 2961 2009 3892 7830 8278 382 318 8667 613 9509 6789 6346 5264 296 7857 6077 1266 2501 6435 1367 2436
27 993 6600 1756 1644 8681 3949 2774 9327 5384 5509 8505 5018 1650 406 4669 3073 461 3737 3761 7565 9972 828 9557 6169 3958 6830 8670
28 3877 8654 3501 2305 6445 4718 9955 901 5071 7037 7771 5347 986 8137 2464 8688 4232 5399 5708 6285 4308 6774 6499 2248 8981 7789 9968 4690
31 4172 5030 7946 8513 1499 1631 5796 6244 1167 5510 5687 4460 6590 5395 1176 3759 7035 4230 5790 5806 905 2596 3077 2455 8635 7486 2328 2203 4384 4512 3021
29 2851 8561 6671 1113 7724 5117 1994 2644 484 3130 6233 1349 1589 9833 213 5971 775 1906 9528 8459 8704 8357 1586 6141 6709 6972 9987 4502 7774
29 2452 275 9940 8282 8751 6767 8594 8737 6436 4110 8617 2325 116 3730 57 2125 2312 4645 7848 5616 2958 8354 3613 7440 4367 8559 7319 1653 5738
29 1377 9568 4917 4697 4278 8442 7278 4799 7661 6263 8214 6814 3303 6716 3684 1383 3820 8396 2662 935 1703 6316 9572 7616 9476 1385 4516 7908 2820
29 9155 9538 6778 540 2051 5 1238 5772 4325 7876 2474 1320 3981 7258 4365 9047 6009 2929 2045 8856 1722 4283 3947 1375 8241 4532 8744 6179 4901
30 6424 8961 8740 8052 1758 5478 4116 4190 5293 5397 1622 2122 1085 2724 831 1070 7778 4509 7181 5841 6788 3964 6108 7465 4979 3237 6181 3308 7537 3006
28 1415 8399 6970 1505 1985 7327 7296 9059 4521 2320 8878 9750 4092 1467 7882 4727 5239 440 2131 260 2486 1202 2883 8845 1967 1678 9431 1635
30 5919 9157 1704 1275 5151 4104 8746 3619 4205 1810 9270 2799 3286 4696 909 305 982 8614 1033 8016 9566 8570 7451 2784 5158 634 5466 5161 6332 3570
29 6808 1130 1807 3746 404 9241 7359 200 7268 7071 2255 9228 9694 3461 214 1828 7585 8300 348 4491 1251 5824 1974 7868 4381 940 3664 5897 419
29 3968 5608 5965 4777 3716 6816 8454 2950 2281 8593 3379 6354 1319 858 3974 6228 96 6396 6526 7095 7497 9210 5558 1538 3859 3601 3279 2157 7414
26 8039 9366 3149 1124 7980 5022 9762 2937 1089 7131 258 4985 6406 4779 4340 9999 2321 6734 1394 6126 4426 9342 7100 3030 3913 5193
28 9215 3496 8850 8890 4716 1612 2782 1194 2274 8877 9862 1044 8015 3941 3389 494 255 4202 8419 9028 2210 2905 88 3588 9542 501 4866 7641
29 9561 8952 3324 3612 5705 7087 9406 5253 1193 8655 7209 6191 564 387 1829 2114 48 6698 2341 8847 8171 7956 1513 9859 3838 1834 5559 9018 8395
29 1965 9248 4568 3519 7084 8162 2024 4795 1440 5302 4577 7305 686 6882 9464 3944 8550 6565 4482 1058 7780 1814 9652 1583 9353 8165 1891 3829 9154
27 1141 3288 9584 276 7650 9549 3573 6738 8262 3105 560 8106 924 6757 6895 9312 8720 9626 8800 5494 8748 2824 2638 5985 9030 2380 2719
28 7828 4303 5653 1614 2168 8046 5167 5875 3100 3086 9067 7824 1920 6143 9024 4477 6170 5567 912 4439 7945 5452 6239 5342 2505 1655 950 447
26 2805 1143 5771 7689 8841 8530 8575 675 8920 7046 3794 1182 8752 8807 169 9513 4035 5572 3768 317 5225 8606 7192 4352 8589 202
29 7735 8568 9951 9052 3 1293 6990 4145 734 6609 9502 8665 4180 3942 30 8288 3109 7578 4861 1649 9319 7250 4912 10 7683 2776 7852 2530 2678
28 2652 4338 747 1863 7845 1373 760 3465 1120 620 7036 8562 6763 2404 639 7196 4522 9405 5931 3792 1987 1455 9539 983 3015 8376 9615 8932
28 8099 9589 128 5553 4123 8992 3019 9939 8680 1360 4383 2852 9845 9935 6282 618 6124 8444 104 8557 9496 1443 2360 5795 3779 3645 1551 4644
29 746 2297 554 9755 7867 9096 5525 8958 8718 6547 5838 5189 4774 9855 3464 8378 8362 2631 2485 5640 7041 7819 5437 7666 5946 8343 127 5002 1648
30 5370 612 854 3373 7147 1276 5857 4387 3018 615 4443 4266 249 9217 3525 8975 471 840 9896 3000 9541 1153 5589 7228 6943 6203 9293 7593 5473 5885
26 9211 4066 7011 2042 1380 5052 0 2477 3508 7082 3310 3011 376 2939 6968 4570 6443 2449 6118 3294 2796 8146 6798 5374 5930 7796
28 671 6683 915 7219 4455 5360 9665 7675 8874 7291 4153 1214 3798 4602 6624 1571 6466 6058 463 6529 4234 1018 632 4416 7791 2716 2810 6091
26 3171 665 9636 2401 1093 8365 2574 5401 3683 8511 7009 3368 7363 6786 335 8571 2639 4778 6700 7311 6848 3424 3930 4762 5178 9481
26 445 2864 9506 7699 5860 9831 6112 927 3678 7816 6582 5854 3646 5356 6714 4010 7783 4876 5892 7567 6602 9124 9788 7089 1928 6135
30 3198 5492 3260 4607 9761 163 4298 7981 5975 7942 7939 2520 8446 2759 6692 3067 7622 5755 9156 4359 4285 2621 9680 1997 1812 4026 2119 5481 3555 4329
27 5955 7235 7648 6815 970 2232 8441 9885 5068 5329 5768 8775 7557 3470 6334 4305 591 4554 2002 3023 4783 4905 7411 2834 3101 3918 5707
29 2993 7343 7331 2141 5783 6676 2409 9338 7580 2509 5327 2705 8390 1838 5270 1050 762 7510 4853 6870 1438 6370 7987 6293 6920 6068 3589 7841 75
28 2636 3503 8919 9956 9751 3266 62 2918 3430 6606 9281 9952 7370 7682 7167 4080 8028 7292 6939 1884 7535 3053 6548 441 7923 7214 3062 5644
27 3452 8080 2384 627 6242 8924 5424 3192 2832 5490 3494 5791 9434 1892 7615 2110 4085 8537 9711 4022 7665 6139 4959 6932 1727 3080 960
28 3611 7984 2777 9130 5680 9027 7349 5512 1602 1207 2924 1747 2354 4813 5842 8996 3602 8984 5676 1859 9433 4721 2862 9778 145 2249 7947 9145
31 6933 6956 5041 5345 4046 6113 8966 466 7338 2917 6740 4691 4064 2857 3095 782 6156 9214 7273 1366 6035 5745 7034 8252 4999 4297 8987 637 5915 9882 3399
28 6638 9826 7042 6983 2201 9467 6205 5105 2175 8122 5501 2897 9769 4743 604 1469 6315 8233 9846 2023 5961 963 2751 4411 2828 2789 1484 1508
26 4574 68 7552 8540 9937 6826 4454 9289 4647 1045 8721 345 643 9252 2714 1611 3539 454 6913 8408 9301 3946 2105 1105 7533 3160
29 6021 9037 3385 1250 785 6500 9272 5176 5100 5597 3191 2124 4825 6908 922 9547 8529 4244 2229 7479 9746 329 6852 2597 3351 4820 7631 4965 124
28 3236 4246 9743 3044 3367 7865 1898 9853 1883 7761 2120 3241 3393 6502 2324 1616 7889 3276 3916 7874 5004 3676 5981 8174 1543 8416 1739 2406
26 691 7132 281 7481 3164 9229 1174 9949 1980 3280 9089 9116 6701 559 4207 9471 5655 438 1159 6855 8308 2618 731 7817 6952 4347
26 750 4060 7752 291 4628 7605 4185 3532 2078 4101 832 1905 9325 1918 5001 1213 3945 3789 3413 7933 808 9524 5344 6762 9100 8753
29 1434 9581 9194 7395 6250 2479 3536 8421 1750 2238 2525 9317 9771 6672 8821 2014 4776 9852 4555 2899 631 7821 9086 6560 9032 7617 2189 7805 7234
26 8404 5973 3781 1429 2101 6427 6971 5821 7812 9842 5309 7838 7150 844 7172 9066 4321 1565 657 1949 9318 7376 6916 2067 3580 6804
28 8057 5097 7475 2472 5968 2873 8791 3745 7835 1419 6145 8538 1847 8871 938 101 6288 8947 2676 9574 8079 8388 8363 2054 2345 1323 2901 9138
27 7006 5475 3903 5910 4165 5499 9477 7768 9781 3481 21 9704 3819 2551 9595 5076 4946 759 9088 6070 9377 8802 2264 9064 7004 1954 7722
27 9054 2785 5881 5207 3036 7408 8831 8741 1326 1545 5592 5249 3094 8901 8295 8226 5236 7333 165 6031 8075 2454 3214 6704 2881 5365 2611
29 4760 3505 5185 6374 678 6452 6299 8873 4348 6584 5059 8284 1405 4749 4199 2508 3047 1351 2839 8303 3140 8430 3578 6076 6745 3734 8743 4707 7534
27 4322 8835 6231 9076 768 8494 9675 5843 6185 9983 8659 7388 1553 2837 5648 8461 3088 9901 8705 7444 6254 1277 6717 3607 9388 3188 592
31 3249 5837 1330 7698 7161 3323 7607 5323 5177 4079 7062 9970 1168 5818 403 7242 8124 5758 379 222 9671 3433 5923 8600 7954 712 25 79 5054 4923 7756
29 558 8447 5529 9378 2906 3851 2622 1322 3904 7045 718 4988 8591 673 2151 9197 8972 4310 4860 9294 4333 1699 2529 9198 9978 7705 6074 4956 6164
25 9872 2795 8969 3476 3702 8526 6409 7105 6225 8294 5869 1249 4883 6768 536 7003 5034 9234 3980 6899 7647 6013 7731 7470 5988
27 1660 3534 1983 9669 2394 3917 3420 2039 8603 1683 84 4952 3488 805 838 5943 9264 3253 2362 827 1843 2987 6431 641 4058 4771 7264
27 8948 336 5171 7249 6727 9485 3558 4575 4263 7815 3407 1948 6484 2424 1052 2484 5385 3252 9271 8071 1501 9903 4664 2094 7938 2879 3708
31 8653 7031 1670 9224 5148 9915 703 3203 2403 7671 3813 7925 1709 6085 9135 5230 5652 9209 5287 9465 6839 8767 8064 2764 5088 8742 9878 6867 8228 5953 3048
28 4634 9820 34 3866 1575 2295 513 2679 5822 8466 1000 8861 4583 2683 7075 6594 4610 8626 5087 458 8014 2612 2427 2422 8776 4353 6133 6575
30 1595 4996 9884 3380 4567 9864 9533 383 5343 3565 2426 3134 1483 1885 9931 274 7737 1781 5980 9801 7170 8280 3712 5665 4459 8660 9687 7123 8715 3143
30 7613 1285 8118 1964 7485 1203 996 7931 5070 6586 2188 3121 2811 3220 998 4737 7438 481 5778 9105 1528 5735 2117 7977 894 7518 7726 8298 7718 1445
28 3039 9925 8383 2365 9352 9627 7158 964 3182 6535 6344 6531 4019 92 4098 4637 6451 7081 1780 1806 6333 1534 7301 1978 8846 9452 3334 9478
31 9688 5865 8872 309 682 2745 2470 9436 6860 7091 9780 4376 7025 5504 8475 1736 7733 7231 9144 6132 8181 4024 6455 316 6317 7477 6052 769 2075 6061 8636
27 9284 1247 8400 896 2013 7149 2410 5769 6364 5420 7596 2092 3807 2704 4139 6802 5628 599 9532 5788 8342 7139 8032 439 3083 1345 5486
31 1472 3628 8710 2 7985 375 7572 3001 5163 8398 400 5412 9309 5093 9707 254 4033 2327 8119 3773 7646 1569 9479 1447 7306 344 1115 6028 8548 6942 4916
29 7643 5388 9202 8733 82 2912 91 6274 7142 1971 2590 5694 6115 2675 8762 815 2753 3891 7732 495 8030 5992 7897 197 2844 7156 2807 7165 1921
29 1785 8394 9747 8130 3898 4304 851 190 2843 4262 4519 3131 2859 1744 9923 2015 4378 6353 1578 5636 748 9402 1086 2065 7711 6377 6947 5562 4331
28 9738 4804 5326 7439 659 3412 5522 5925 7356 9798 4958 1688 1292 8352 3132 4167 4955 9776 7133 97 4203 4816 5649 1930 8081 4518 836 8465
28 1387 1531 6475 1560 2746 6262 33 5315 2947 1986 8943 5282 1223 5804 6350 4740 2886 6394 28 5576 3627 3135 8779 7106 2357 7371 825 3107
28 4473 6578 9227 5310 2535 791 6703 8673 9848 3912 4334 4657 6378 7792 6696 3343 7999 3007 913 3966 8229 8127 2694 9020 7164 556 8768 7460
27 7566 8434 9732 6973 8615 7842 1340 9267 4579 2943 3982 5080 8255 5786 3939 1156 7628 4719 4429 6605 7274 298 6209 4407 480 5844 8887
29 962 474 2554 6655 5826 6005 4053 3479 9393 7745 5601 4720 916 9008 623 7159 8414 1625 8098 6107 7092 4403 932 9069 2275 9113 7965 4097 7456
27 8546 7569 3099 7543 7723 2057 5170 6473 2595 2735 1023 5611 2632 2369 4280 6078 354 1591 9656 7293 1658 6981 856 2709 8582 4881 7215
29 1769 5673 6245 5153 3295 9708 164 8249 4306 1423 648 3721 3543 2500 3063 7757 9119 8843 8420 2602 4513 151 9259 6702 5515 8018 2385 6442 8096
26 3782 5206 3698 7575 6822 4722 8022 8389 1427 991 2826 8426 1552 7307 9507 7248 444 9085 5469 9132 5922 5016 1981 378 9786 2791
28 2766 1556 5632 6000 1760 1160 6919 5369 6824 1104 5292 259 4160 8560 4845 1537 1502 772 5267 3189 723 6917 814 7281 2706 5948 6974 7907
27 1808 4671 9942 6493 3696 6580 3297 7316 789 790 4223 1618 5118 1642 9299 1221 6617 6938 8496 1478 9013 5657 1790 5882 8941 3285 8392
28 816 328 4802 5244 9963 9989 3934 2601 1301 9720 2656 71 6114 8915 8621 2757 3043 5150 8839 9199 2880 4563 9503 714 3936 3979 4585 8194
29 8315 6001 1924 7969 9384 158 6566 7379 266 257 3194 8801 9158 4578 1353 5378 7437 3728 6469 8580 4029 7902 3084 7332 5809 1464 4586 655 6216
28 8579 4170 7384 7890 6995 3332 4673 1525 2132 391 2052 3839 3321 4448 6462 7626 1216 5047 8405 4971 5217 7287 1815 3710 8916 1638 4419 6051
28 7313 7494 6623 3763 1210 949 4137 9324 1370 5603 2502 567 7809 9256 3495 6930 6758 4572 5194 1755 9744 6723 2437 1685 6490 6184 696 7820
28 7080 5801 330 3951 4910 4181 1300 9753 8848 5183 4292 6574 4344 5579 9261 7656 7750 9070 1480 8825 6886 217 4270 1287 8164 6881 4037 5679
30 2414 4878 1816 8949 1241 4252 6859 1258 720 8588 4726 3484 8558 7118 9996 7385 2364 2660 705 9521 4220 9369 6771 8088 3141 1800 5937 4699 6810 1363
30 5062 5557 5213 9042 8053 2126 8417 3997 8553 3037 1532 3362 3606 2539 6809 3700 920 5627 5884 8491 7582 1026 1072 8853 2340 3842 6308 7261 371 7899
29 1938 6062 8286 3659 9129 5066 2053 5433 6744 3156 2646 1309 5000 2017 3609 8926 7499 6850 1584 4187 246 7749 5544 7169 7019 2626 47 5789 5392
27 4049 3911 1051 1554 8250 6519 1302 5969 1692 8213 6238 9370 3502 6418 6539 8210 3596 5043 6140 4928 315 7490 8747 6506 7435 6149 1154
29 2635 6340 3240 4757 2396 8074 7180 3667 5138 3604 3158 4929 8369 1742 1544 1482 3692 9098 7129 6695 272 921 114 8811 8522 891 2306 2668 5107
29 7426 3756 2803 2005 2940 6516 9678 7691 4809 9851 7709 2547 872 5352 133 4723 361 4800 5816 4086 9005 1945 4755 4036 8955 9579 2895 2267 6014
29 862 4543 450 5115 7442 4175 4948 2136 5887 8723 59 822 334 8661 3269 5727 388 1495 3885 2344 5754 6834 8456 8576 2962 2942 8986 1001 9307
28 8246 4766 3560 9120 6421 4076 4015 1127 1519 8573 4316 9655 8185 32 7233 7013 9387 180 8868 3365 767 506 6579 7717 516 368 3422 5517
30 295 6543 4754 1139 3268 5423 8726 2637 4395 9084 9737 4782 3127 3065 475 6841 7912 3594 8671 4441 8473 9245 7600 9686 2976 7107 7843 7850 277 4087
26 3210 6857 4442 1515 8368 7110 6538 6160 7336 301 2080 8066 8489 5519 9011 7932 5340 7093 4649 8212 9225 1811 4337 2737 5361 849
29 6488 6461 7309 1835 5333 1260 4030 8532 8876 1680 4440 3147 8007 9177 5978 4496 8804 8331 4711 4626 5339 3022 3995 640 7386 3311 2371 7270 1627
28 9440 8143 5387 2747 4530 7464 9461 670 1872 8008 8145 1952 5994 9453 3978 9683 1973 6417 1201 4982 7913 6465 3438 1449 6637 788 283 2518
30 1359 8492 3855 2343 5058 1904 8076 1839 5012 168 5983 2184 6429 1029 270 9794 3890 1623 7447 7710 2543 7145 7498 3800 4228 453 8011 8290 6390 7887
26 8339 6699 4050 6844 3114 6994 739 9889 6033 3817 4430 4294 1968 5752 7909 7218 355 3600 5762 1646 5575 7453 6447 3138 9555 7911
28 957 6754 4824 421 5654 7061 209 8349 3785 8215 2948 8722 1879 7953 1664 5730 6302 6387 8608 6987 890 9176 5445 1470 2514 3404 6969 5208
28 2823 9791 6416 4151 4629 1794 1542 380 4031 6138 2808 3174 5306 7146 6545 1169 7808 7635 976 3217 7420 5221 4733 6577 5586 5698 8631 6491
27 7545 4994 9699 5566 5658 1441 2608 9936 5748 6515 9545 7958 2019 8436 2032 4434 3013 285 9518 4142 786 3655 4108 5864 172 4940 2783
29 8085 9417 1746 3618 434 4001 2840 6686 6854 4562 313 5036 2370 5063 2428 7088 3662 2411 7141 9432 7571 9682 9004 9766 1958 5491 7839 4063 8385
27 2586 625 457 144 2304 6504 2018 975 4193 51 1647 2935 7877 710 3983 958 7630 6494 3718 3397 6342 2336 5660 7807 9774 2634 6422
29 9321 4922 9460 1192 3264 5005 9773 7891 1306 9339 2068 7387 4002 3685 157 8597 514 1240 5986 3485 797 8531 8739 9886 1762 2544 4714 4111 4188
26 2672 1846 7695 6363 5585 1588 2096 2027 987 5314 997 1490 5820 6048 6376 5493 9928 3337 7669 3221 2865 2405 7544 5280 1503 4977
28 8896 8415 1036 2573 9816 9391 5188 6309 3341 2722 7473 2651 3434 9043 5426 2315 2200 6487 7762 4269 9373 2421 9661 9924 9285 4619 578 9354
31 6891 7222 6935 2930 5990 6779 5353 9350 8914 8182 3637 7802 5289 5024 2682 7344 7859 8223 4125 4493 5733 342 4675 1129 6631 7154 5398 3467 6680 4712 3227
31 8854 3860 5984 5237 2640 2752 4286 7406 9571 2680 4527 8358 9575 778 7340 2235 8148 9617 381 4162 2112 4781 6642 2503 9977 3729 3196 8731 4257 1268 5921
29 4474 7529 1590 3396 357 3755 319 6615 5935 6412 452 7983 7404 6829 539 9588 2821 8425 2988 5103 1356 7862 6489 2115 3940 4954 5489 2561 5269
30 6056 4967 811 9646 2293 3347 236 117 8458 8309 9482 2397 4599 4617 4276 5479 9077 4609 9701 279 6095 8209 7389 1500 5408 6828 990 5712 2296 5831
31 2563 8386 8717 1080 1659 4903 7201 5303 6750 4559 4856 7122 3846 4930 6253 3175 1416 4129 4043 8156 4987 7797 3032 9167 8112 5173 6532 3653 6404 6865 9832
26 9446 4944 9606 5400 5726 489 572 5911 4396 3228 4914 2833 5379 8732 7514 1789 9266 7634 2180 3070 3483 857 2498 3092 2431 2155
